#
# There is insufficient memory for the Java Runtime Environment to continue.
# Native memory allocation (malloc) failed to allocate 1052976 bytes for Chunk::new
# Possible reasons:
#   The system is out of physical RAM or swap space
#   In 32 bit mode, the process size limit was hit
# Possible solutions:
#   Reduce memory load on the system
#   Increase physical memory or swap space
#   Check if swap backing store is full
#   Use 64 bit Java on a 64 bit OS
#   Decrease Java heap size (-Xmx/-Xms)
#   Decrease number of Java threads
#   Decrease Java thread stack sizes (-Xss)
#   Set larger code cache with -XX:ReservedCodeCacheSize=
# This output file may be truncated or incomplete.
#
#  Out of Memory Error (allocation.cpp:390), pid=2020, tid=8508
#
# JRE version: Java(TM) SE Runtime Environment (8.0_45-b15) (build 1.8.0_45-b15)
# Java VM: Java HotSpot(TM) 64-Bit Server VM (25.45-b02 mixed mode windows-amd64 compressed oops)
# Failed to write core dump. Minidumps are not enabled by default on client versions of Windows
#

---------------  T H R E A D  ---------------

Current thread (0x000000001528e800):  JavaThread "C2 CompilerThread0" daemon [_thread_in_native, id=8508, stack(0x0000000016dc0000,0x0000000016ec0000)]

Stack: [0x0000000016dc0000,0x0000000016ec0000]
Native frames: (J=compiled Java code, j=interpreted, Vv=VM code, C=native code)
V  [jvm.dll+0x32b57a]


Current CompileTask:
C2:   3523 1344   !   4       com.android.dx.cf.code.BytecodeArray::parseInstruction (2764 bytes)


---------------  P R O C E S S  ---------------

Java Threads: ( => current thread )
  0x0000000016737000 JavaThread "Service Thread" daemon [_thread_blocked, id=9560, stack(0x00000000172d0000,0x00000000173d0000)]
  0x00000000166f9000 JavaThread "C1 CompilerThread2" daemon [_thread_blocked, id=10072, stack(0x0000000017150000,0x0000000017250000)]
  0x00000000166f8800 JavaThread "C2 CompilerThread1" daemon [_thread_in_native, id=8488, stack(0x0000000016fd0000,0x00000000170d0000)]
=>0x000000001528e800 JavaThread "C2 CompilerThread0" daemon [_thread_in_native, id=8508, stack(0x0000000016dc0000,0x0000000016ec0000)]
  0x00000000166eb800 JavaThread "Attach Listener" daemon [_thread_blocked, id=9752, stack(0x0000000016220000,0x0000000016320000)]
  0x000000001527d800 JavaThread "Signal Dispatcher" daemon [_thread_blocked, id=8824, stack(0x0000000016c00000,0x0000000016d00000)]
  0x0000000015221800 JavaThread "Finalizer" daemon [_thread_blocked, id=9636, stack(0x00000000165e0000,0x00000000166e0000)]
  0x0000000015220000 JavaThread "Reference Handler" daemon [_thread_blocked, id=3504, stack(0x00000000164c0000,0x00000000165c0000)]
  0x000000000250e800 JavaThread "main" [_thread_in_Java, id=3048, stack(0x0000000002720000,0x0000000002820000)]

Other Threads:
  0x000000001521a800 VMThread [stack: 0x0000000016320000,0x0000000016420000] [id=5652]
  0x000000001674f000 WatcherThread [stack: 0x0000000016ae0000,0x0000000016be0000] [id=3732]

VM state:synchronizing (normal execution)

VM Mutex/Monitor currently owned by a thread:  ([mutex/lock_event])
[0x000000000250ca90] Safepoint_lock - owner thread: 0x000000001521a800
[0x000000000250cb10] Threads_lock - owner thread: 0x000000001521a800

Heap:
 PSYoungGen      total 34304K, used 16026K [0x00000000eab00000, 0x00000000ecf00000, 0x0000000100000000)
  eden space 31744K, 42% used [0x00000000eab00000,0x00000000eb82b778,0x00000000eca00000)
  from space 2560K, 99% used [0x00000000ecc80000,0x00000000ecefb2e8,0x00000000ecf00000)
  to   space 2560K, 0% used [0x00000000eca00000,0x00000000eca00000,0x00000000ecc80000)
 ParOldGen       total 42496K, used 4156K [0x00000000c0000000, 0x00000000c2980000, 0x00000000eab00000)
  object space 42496K, 9% used [0x00000000c0000000,0x00000000c040f128,0x00000000c2980000)
 Metaspace       used 5817K, capacity 7024K, committed 7296K, reserved 1056768K
  class space    used 556K, capacity 616K, committed 640K, reserved 1048576K

Card table byte_map: [0x0000000011be0000,0x0000000011df0000] byte_map_base: 0x00000000115e0000

Marking Bits: (ParMarkBitMap*) 0x0000000051874040
 Begin Bits: [0x0000000012690000, 0x0000000013690000)
 End Bits:   [0x0000000013690000, 0x0000000014690000)

Polling page: 0x0000000000230000

CodeCache: size=245760Kb used=5942Kb max_used=5955Kb free=239817Kb
 bounds [0x0000000002820000, 0x0000000002e00000, 0x0000000011820000]
 total_blobs=1701 nmethods=1434 adapters=180
 compilation: enabled

Compilation events (10 events):
Event: 2.974 Thread 0x00000000166f8800 nmethod 1450 0x0000000002de28d0 code [0x0000000002de2a20, 0x0000000002de2bd8]
Event: 2.975 Thread 0x00000000166f8800 1451       4       com.android.dx.cf.code.Ropper::getAvailableLabel (54 bytes)
Event: 2.984 Thread 0x00000000166f8800 nmethod 1451 0x0000000002df2f50 code [0x0000000002df30c0, 0x0000000002df34d8]
Event: 2.986 Thread 0x00000000166f9000 1454       3       com.android.dx.ssa.SsaInsn::makeFromRop (10 bytes)
Event: 2.986 Thread 0x00000000166f8800 1453   !   4       java.util.BitSet::clone (49 bytes)
Event: 2.986 Thread 0x00000000166f9000 nmethod 1454 0x0000000002df1650 code [0x0000000002df17e0, 0x0000000002df1c68]
Event: 2.989 Thread 0x00000000166f8800 nmethod 1453 0x0000000002defc50 code [0x0000000002defdc0, 0x0000000002deffc8]
Event: 2.989 Thread 0x00000000166f8800 1452       4       com.android.dx.ssa.SsaBasicBlock::<init> (109 bytes)
Event: 3.000 Thread 0x00000000166f8800 nmethod 1452 0x0000000002def050 code [0x0000000002def1e0, 0x0000000002def858]
Event: 3.006 Thread 0x00000000166f8800 1457       4       com.android.dx.ssa.SCCP::simulateBlock (54 bytes)

GC Heap History (4 events):
Event: 1.621 GC heap before
{Heap before GC invocations=1 (full 0):
 PSYoungGen      total 18432K, used 15872K [0x00000000eab00000, 0x00000000ebf80000, 0x0000000100000000)
  eden space 15872K, 100% used [0x00000000eab00000,0x00000000eba80000,0x00000000eba80000)
  from space 2560K, 0% used [0x00000000ebd00000,0x00000000ebd00000,0x00000000ebf80000)
  to   space 2560K, 0% used [0x00000000eba80000,0x00000000eba80000,0x00000000ebd00000)
 ParOldGen       total 42496K, used 0K [0x00000000c0000000, 0x00000000c2980000, 0x00000000eab00000)
  object space 42496K, 0% used [0x00000000c0000000,0x00000000c0000000,0x00000000c2980000)
 Metaspace       used 5487K, capacity 6704K, committed 6784K, reserved 1056768K
  class space    used 552K, capacity 616K, committed 640K, reserved 1048576K
Event: 1.662 GC heap after
Heap after GC invocations=1 (full 0):
 PSYoungGen      total 18432K, used 2528K [0x00000000eab00000, 0x00000000ecf00000, 0x0000000100000000)
  eden space 15872K, 0% used [0x00000000eab00000,0x00000000eab00000,0x00000000eba80000)
  from space 2560K, 98% used [0x00000000eba80000,0x00000000ebcf8288,0x00000000ebd00000)
  to   space 2560K, 0% used [0x00000000ecc80000,0x00000000ecc80000,0x00000000ecf00000)
 ParOldGen       total 42496K, used 1827K [0x00000000c0000000, 0x00000000c2980000, 0x00000000eab00000)
  object space 42496K, 4% used [0x00000000c0000000,0x00000000c01c8f58,0x00000000c2980000)
 Metaspace       used 5487K, capacity 6704K, committed 6784K, reserved 1056768K
  class space    used 552K, capacity 616K, committed 640K, reserved 1048576K
}
Event: 2.238 GC heap before
{Heap before GC invocations=2 (full 0):
 PSYoungGen      total 18432K, used 18400K [0x00000000eab00000, 0x00000000ecf00000, 0x0000000100000000)
  eden space 15872K, 100% used [0x00000000eab00000,0x00000000eba80000,0x00000000eba80000)
  from space 2560K, 98% used [0x00000000eba80000,0x00000000ebcf8288,0x00000000ebd00000)
  to   space 2560K, 0% used [0x00000000ecc80000,0x00000000ecc80000,0x00000000ecf00000)
 ParOldGen       total 42496K, used 1827K [0x00000000c0000000, 0x00000000c2980000, 0x00000000eab00000)
  object space 42496K, 4% used [0x00000000c0000000,0x00000000c01c8f58,0x00000000c2980000)
 Metaspace       used 5738K, capacity 6960K, committed 7040K, reserved 1056768K
  class space    used 555K, capacity 616K, committed 640K, reserved 1048576K
Event: 2.429 GC heap after
Heap after GC invocations=2 (full 0):
 PSYoungGen      total 34304K, used 2540K [0x00000000eab00000, 0x00000000ecf00000, 0x0000000100000000)
  eden space 31744K, 0% used [0x00000000eab00000,0x00000000eab00000,0x00000000eca00000)
  from space 2560K, 99% used [0x00000000ecc80000,0x00000000ecefb2e8,0x00000000ecf00000)
  to   space 2560K, 0% used [0x00000000eca00000,0x00000000eca00000,0x00000000ecc80000)
 ParOldGen       total 42496K, used 4156K [0x00000000c0000000, 0x00000000c2980000, 0x00000000eab00000)
  object space 42496K, 9% used [0x00000000c0000000,0x00000000c040f128,0x00000000c2980000)
 Metaspace       used 5738K, capacity 6960K, committed 7040K, reserved 1056768K
  class space    used 555K, capacity 616K, committed 640K, reserved 1048576K
}

Deoptimization events (8 events):
Event: 1.040 Thread 0x000000000250e800 Uncommon trap: reason=unstable_if action=reinterpret pc=0x0000000002a1b9cc method=java.util.HashMap.getNode(ILjava/lang/Object;)Ljava/util/HashMap$Node; @ 129
Event: 1.220 Thread 0x000000000250e800 Uncommon trap: reason=unstable_if action=reinterpret pc=0x0000000002ac4da4 method=java.util.BitSet.ensureCapacity(I)V @ 6
Event: 1.268 Thread 0x000000000250e800 Uncommon trap: reason=class_check action=maybe_recompile pc=0x0000000002a825a0 method=com.android.dx.ssa.NormalSsaInsn.accept(Lcom/android/dx/ssa/SsaInsn$Visitor;)V @ 9
Event: 1.268 Thread 0x000000000250e800 Uncommon trap: reason=class_check action=maybe_recompile pc=0x0000000002a825a0 method=com.android.dx.ssa.NormalSsaInsn.accept(Lcom/android/dx/ssa/SsaInsn$Visitor;)V @ 9
Event: 1.268 Thread 0x000000000250e800 Uncommon trap: reason=class_check action=maybe_recompile pc=0x0000000002a825a0 method=com.android.dx.ssa.NormalSsaInsn.accept(Lcom/android/dx/ssa/SsaInsn$Visitor;)V @ 9
Event: 1.270 Thread 0x000000000250e800 Uncommon trap: reason=class_check action=maybe_recompile pc=0x0000000002a825a0 method=com.android.dx.ssa.NormalSsaInsn.accept(Lcom/android/dx/ssa/SsaInsn$Visitor;)V @ 9
Event: 1.980 Thread 0x000000000250e800 Uncommon trap: reason=unstable_if action=reinterpret pc=0x0000000002c40e04 method=com.android.dx.rop.code.RegisterSpec.equals(ILcom/android/dx/rop/type/TypeBearer;Lcom/android/dx/rop/code/LocalItem;)Z @ 42
Event: 2.199 Thread 0x000000000250e800 Uncommon trap: reason=unstable_if action=reinterpret pc=0x0000000002aeb184 method=com.android.dx.rop.cst.Constant.compareTo(Lcom/android/dx/rop/cst/Constant;)I @ 12

Internal exceptions (2 events):
Event: 0.100 Thread 0x000000000250e800 Exception <a 'java/lang/NoSuchMethodError': Method sun.misc.Unsafe.defineClass(Ljava/lang/String;[BII)Ljava/lang/Class; name or signature does not match> (0x00000000eab12f30) thrown at [C:\re\workspace\8-2-build-windows-amd64-cygwin\jdk8u45\3627\hotspot\sr‡4Ç–¹¹?
Event: 0.100 Thread 0x000000000250e800 Exception <a 'java/lang/NoSuchMethodError': Method sun.misc.Unsafe.prefetchRead(Ljava/lang/Object;J)V name or signature does not match> (0x00000000eab131c0) thrown at [C:\re\workspace\8-2-build-windows-amd64-cygwin\jdk8u45\3627\hotspot\src\share\vm\prims\j

Events (10 events):
Event: 1.987 Executing VM operation: Deoptimize done
Event: 2.199 Thread 0x000000000250e800 Uncommon trap: trap_request=0xffffff65 fr.pc=0x0000000002aeb184
Event: 2.199 Thread 0x000000000250e800 DEOPT PACKING pc=0x0000000002aeb184 sp=0x000000000281e670
Event: 2.199 Thread 0x000000000250e800 DEOPT UNPACKING pc=0x000000000286582a sp=0x000000000281e610 mode 2
Event: 2.208 Thread 0x000000000250e800 DEOPT PACKING pc=0x0000000002b98b75 sp=0x000000000281ea50
Event: 2.208 Thread 0x000000000250e800 DEOPT UNPACKING pc=0x000000000286787f sp=0x000000000281e7e8 mode 0
Event: 2.238 Executing VM operation: ParallelGCFailedAllocation
Event: 2.429 Executing VM operation: ParallelGCFailedAllocation done
Event: 2.439 loading class com/android/dx/cf/code/BytecodeArray$ConstantParserVisitor
Event: 2.439 loading class com/android/dx/cf/code/BytecodeArray$ConstantParserVisitor done


Dynamic libraries:
0x000000013f5a0000 - 0x000000013f5d7000 	C:\Program Files\Java\jdk1.8.0_45\bin\java.exe
0x0000000077390000 - 0x0000000077539000 	C:\Windows\SYSTEM32\ntdll.dll
0x0000000077270000 - 0x000000007738f000 	C:\Windows\system32\kernel32.dll
0x000007fefd490000 - 0x000007fefd4fc000 	C:\Windows\system32\KERNELBASE.dll
0x000007fefd730000 - 0x000007fefd80b000 	C:\Windows\system32\ADVAPI32.dll
0x000007fefe8e0000 - 0x000007fefe97f000 	C:\Windows\system32\msvcrt.dll
0x000007fefe980000 - 0x000007fefe99f000 	C:\Windows\SYSTEM32\sechost.dll
0x000007fefef80000 - 0x000007feff0ad000 	C:\Windows\system32\RPCRT4.dll
0x0000000077170000 - 0x000000007726a000 	C:\Windows\system32\USER32.dll
0x000007fefef00000 - 0x000007fefef67000 	C:\Windows\system32\GDI32.dll
0x000007fefef70000 - 0x000007fefef7e000 	C:\Windows\system32\LPK.dll
0x000007fefe810000 - 0x000007fefe8d9000 	C:\Windows\system32\USP10.dll
0x000007fefb9f0000 - 0x000007fefbbe4000 	C:\Windows\WinSxS\amd64_microsoft.windows.common-controls_6595b64144ccf1df_6.0.7601.18837_none_fa3b1e3d17594757\COMCTL32.dll
0x000007fefe5d0000 - 0x000007fefe641000 	C:\Windows\system32\SHLWAPI.dll
0x000007fefd810000 - 0x000007fefd83e000 	C:\Windows\system32\IMM32.DLL
0x000007feff150000 - 0x000007feff259000 	C:\Windows\system32\MSCTF.dll
0x0000000050120000 - 0x00000000501f2000 	C:\Program Files\Java\jdk1.8.0_45\jre\bin\msvcr100.dll
0x0000000051070000 - 0x00000000518f3000 	C:\Program Files\Java\jdk1.8.0_45\jre\bin\server\jvm.dll
0x000007fef9500000 - 0x000007fef9509000 	C:\Windows\system32\WSOCK32.dll
0x000007fefe9a0000 - 0x000007fefe9ed000 	C:\Windows\system32\WS2_32.dll
0x000007fefeef0000 - 0x000007fefeef8000 	C:\Windows\system32\NSI.dll
0x000007fef9840000 - 0x000007fef987b000 	C:\Windows\system32\WINMM.dll
0x000007fefc1e0000 - 0x000007fefc1ec000 	C:\Windows\system32\VERSION.dll
0x0000000077560000 - 0x0000000077567000 	C:\Windows\system32\PSAPI.DLL
0x000000006a4d0000 - 0x000000006a4df000 	C:\Program Files\Java\jdk1.8.0_45\jre\bin\verify.dll
0x000000005cc80000 - 0x000000005cca9000 	C:\Program Files\Java\jdk1.8.0_45\jre\bin\java.dll
0x000000005cd00000 - 0x000000005cd16000 	C:\Program Files\Java\jdk1.8.0_45\jre\bin\zip.dll
0x000007fefd840000 - 0x000007fefe5c9000 	C:\Windows\system32\SHELL32.dll
0x000007fefe9f0000 - 0x000007fefebf3000 	C:\Windows\system32\ole32.dll
0x000007fefd150000 - 0x000007fefd15f000 	C:\Windows\system32\profapi.dll

VM Arguments:
jvm_args: -Xmx1024M -Dfile.encoding=x-windows-949 -Duser.country=KR -Duser.language=ko -Duser.variant 
java_command: com.android.dx.command.Main --dex --output C:\Users\ICo\Documents\GitHub\AndroidAsyncTest\app\build\intermediates\pre-dexed\debug\classes-7d9ed0b9f30f805350ee18caecaaa85fca87726d.jar C:\Users\ICo\Documents\GitHub\AndroidAsyncTest\app\build\intermediates\exploded-aar\com.android.support\appcompat-v7\22.2.0\jars\classes.jar
java_class_path (initial): C:\Users\ICo\AppData\Local\Android\sdk\build-tools\22.0.1\lib\dx.jar
Launcher Type: SUN_STANDARD

Environment Variables:
PATH=C:\app\ICo\product\12.1.0\dbhome_1\bin;C:\Program Files (x86)\Wizvera\Delfino;C:\ProgramData\Oracle\Java\javapath;C:\Program Files (x86)\Intel\iCLS Client\;C:\Program Files\Intel\iCLS Client\;C:\Program Files\Common Files\Microsoft Shared\Windows Live;C:\Program Files (x86)\Common Files\Microsoft Shared\Windows Live;C:\Windows\system32;C:\Windows;C:\Windows\System32\Wbem;C:\Windows\System32\WindowsPowerShell\v1.0\;C:\Program Files (x86)\Windows Live\Shared;C:\Program Files\Intel\Intel(R) Management Engine Components\DAL;C:\Program Files\Intel\Intel(R) Management Engine Components\IPT;C:\Program Files (x86)\Intel\Intel(R) Management Engine Components\DAL;C:\Program Files (x86)\Intel\Intel(R) Management Engine Components\IPT;C:\Program Files (x86)\Intel\OpenCL SDK\2.0\bin\x86;C:\Program Files (x86)\Intel\OpenCL SDK\2.0\bin\x64;C:\Program Files\Intel\WiFi\bin\;C:\Program Files\Common Files\Intel\WirelessCommon\;C:\Program Files\Microsoft\Web Platform Installer\;C:\Program Files (x86)\Microsoft ASP.NET\ASP.NET Web Pages\v1.0\;C:\Program Files (x86)\Windows Kits\8.0\Windows Performance Toolkit\;C:\Program Files\Microsoft SQL Server\110\Tools\Binn\;C:\Program Files\nodejs\;C:\Users\ICo\AppData\Roaming\npm
USERNAME=ICo
OS=Windows_NT
PROCESSOR_IDENTIFIER=Intel64 Family 6 Model 58 Stepping 9, GenuineIntel



---------------  S Y S T E M  ---------------

OS: Windows 7 , 64 bit Build 7601 (6.1.7601.18933)

CPU:total 4 (2 cores per cpu, 2 threads per core) family 6 model 58 stepping 9, cmov, cx8, fxsr, mmx, sse, sse2, sse3, ssse3, sse4.1, sse4.2, popcnt, avx, aes, clmul, erms, ht, tsc, tscinvbit, tscinv

Memory: 4k page, physical 4052300k(202172k free), swap 7584792k(5120k free)

vm_info: Java HotSpot(TM) 64-Bit Server VM (25.45-b02) for windows-amd64 JRE (1.8.0_45-b15), built on Apr 30 2015 12:40:44 by "java_re" with MS VC++ 10.0 (VS2010)

time: Wed Aug 26 02:06:31 2015
elapsed time: 3 seconds (0d 0h 0m 3s)

