#
# There is insufficient memory for the Java Runtime Environment to continue.
# Native memory allocation (malloc) failed to allocate 872016 bytes for Chunk::new
# Possible reasons:
#   The system is out of physical RAM or swap space
#   In 32 bit mode, the process size limit was hit
# Possible solutions:
#   Reduce memory load on the system
#   Increase physical memory or swap space
#   Check if swap backing store is full
#   Use 64 bit Java on a 64 bit OS
#   Decrease Java heap size (-Xmx/-Xms)
#   Decrease number of Java threads
#   Decrease Java thread stack sizes (-Xss)
#   Set larger code cache with -XX:ReservedCodeCacheSize=
# This output file may be truncated or incomplete.
#
#  Out of Memory Error (allocation.cpp:390), pid=6612, tid=728
#
# JRE version: Java(TM) SE Runtime Environment (8.0_45-b15) (build 1.8.0_45-b15)
# Java VM: Java HotSpot(TM) 64-Bit Server VM (25.45-b02 mixed mode windows-amd64 compressed oops)
# Failed to write core dump. Minidumps are not enabled by default on client versions of Windows
#

---------------  T H R E A D  ---------------

Current thread (0x00000000151dc800):  JavaThread "C2 CompilerThread0" daemon [_thread_in_native, id=728, stack(0x0000000016dd0000,0x0000000016ed0000)]

Stack: [0x0000000016dd0000,0x0000000016ed0000]
Native frames: (J=compiled Java code, j=interpreted, Vv=VM code, C=native code)
V  [jvm.dll+0x32b57a]


Current CompileTask:
C2:   5231 1475       4       com.android.dx.ssa.LocalVariableExtractor::processBlock (383 bytes)


---------------  P R O C E S S  ---------------

Java Threads: ( => current thread )
  0x00000000166c3800 JavaThread "Service Thread" daemon [_thread_blocked, id=9416, stack(0x0000000017280000,0x0000000017380000)]
  0x00000000166a9000 JavaThread "C1 CompilerThread2" daemon [_thread_blocked, id=4224, stack(0x00000000170a0000,0x00000000171a0000)]
  0x0000000016658800 JavaThread "C2 CompilerThread1" daemon [_thread_blocked, id=10184, stack(0x0000000016ee0000,0x0000000016fe0000)]
=>0x00000000151dc800 JavaThread "C2 CompilerThread0" daemon [_thread_in_native, id=728, stack(0x0000000016dd0000,0x0000000016ed0000)]
  0x0000000016649800 JavaThread "Attach Listener" daemon [_thread_blocked, id=6800, stack(0x0000000016c00000,0x0000000016d00000)]
  0x00000000151e0800 JavaThread "Signal Dispatcher" daemon [_thread_blocked, id=3124, stack(0x00000000160f0000,0x00000000161f0000)]
  0x0000000015187000 JavaThread "Finalizer" daemon [_thread_blocked, id=10932, stack(0x0000000016540000,0x0000000016640000)]
  0x0000000015180000 JavaThread "Reference Handler" daemon [_thread_blocked, id=5516, stack(0x0000000016420000,0x0000000016520000)]
  0x0000000001d6e800 JavaThread "main" [_thread_blocked, id=7180, stack(0x0000000002700000,0x0000000002800000)]

Other Threads:
  0x000000001517a800 VMThread [stack: 0x0000000016250000,0x0000000016350000] [id=7020]
  0x00000000166c8000 WatcherThread [stack: 0x0000000016b00000,0x0000000016c00000] [id=10800]

VM state:at safepoint (normal execution)

VM Mutex/Monitor currently owned by a thread:  ([mutex/lock_event])
[0x0000000001d6cb10] Threads_lock - owner thread: 0x000000001517a800
[0x0000000001d6d010] Heap_lock - owner thread: 0x0000000001d6e800

Heap:
 PSYoungGen      total 18432K, used 18428K [0x00000000eab00000, 0x00000000ecf00000, 0x0000000100000000)
  eden space 15872K, 100% used [0x00000000eab00000,0x00000000eba80000,0x00000000eba80000)
  from space 2560K, 99% used [0x00000000eba80000,0x00000000ebcff050,0x00000000ebd00000)
  to   space 2560K, 0% used [0x00000000ecc80000,0x00000000ecc80000,0x00000000ecf00000)
 ParOldGen       total 42496K, used 6516K [0x00000000c0000000, 0x00000000c2980000, 0x00000000eab00000)
  object space 42496K, 15% used [0x00000000c0000000,0x00000000c065d0f8,0x00000000c2980000)
 Metaspace       used 5883K, capacity 7024K, committed 7296K, reserved 1056768K
  class space    used 560K, capacity 616K, committed 640K, reserved 1048576K

Card table byte_map: [0x0000000011bc0000,0x0000000011dd0000] byte_map_base: 0x00000000115c0000

Marking Bits: (ParMarkBitMap*) 0x0000000070a44040
 Begin Bits: [0x00000000125f0000, 0x00000000135f0000)
 End Bits:   [0x00000000135f0000, 0x00000000145f0000)

Polling page: 0x00000000006c0000

CodeCache: size=245760Kb used=6286Kb max_used=6314Kb free=239473Kb
 bounds [0x0000000002800000, 0x0000000002e30000, 0x0000000011800000]
 total_blobs=1735 nmethods=1467 adapters=180
 compilation: disabled (not enough contiguous free space left)

Compilation events (10 events):
Event: 3.927 Thread 0x00000000166a9000 nmethod 1487 0x0000000002e1ebd0 code [0x0000000002e1ede0, 0x0000000002e1f898]
Event: 3.929 Thread 0x00000000166a9000 1488       3       com.android.dx.rop.cst.CstString::stringToUtf8Bytes (175 bytes)
Event: 3.930 Thread 0x00000000166a9000 nmethod 1488 0x0000000002e20010 code [0x0000000002e201e0, 0x0000000002e20a38]
Event: 3.933 Thread 0x00000000166a9000 1489   !   3       java.util.zip.ZipFile::releaseInflater (41 bytes)
Event: 3.933 Thread 0x00000000166a9000 nmethod 1489 0x0000000002e20e50 code [0x0000000002e21000, 0x0000000002e216f8]
Event: 3.936 Thread 0x00000000166a9000 1490       3       com.android.dx.ssa.SsaMethod::updateOneDefinition (70 bytes)
Event: 3.937 Thread 0x00000000166a9000 nmethod 1490 0x0000000002e21a10 code [0x0000000002e21bc0, 0x0000000002e223c8]
Event: 3.938 Thread 0x00000000166a9000 1491       3       com.android.dx.ssa.SCCP::simulateBranch (666 bytes)
Event: 3.942 Thread 0x00000000166a9000 nmethod 1491 0x0000000002e226d0 code [0x0000000002e22b80, 0x0000000002e26658]
Event: 4.548 Thread 0x0000000016658800 


GC Heap History (7 events):
Event: 1.869 GC heap before
{Heap before GC invocations=1 (full 0):
 PSYoungGen      total 18432K, used 15872K [0x00000000eab00000, 0x00000000ebf80000, 0x0000000100000000)
  eden space 15872K, 100% used [0x00000000eab00000,0x00000000eba80000,0x00000000eba80000)
  from space 2560K, 0% used [0x00000000ebd00000,0x00000000ebd00000,0x00000000ebf80000)
  to   space 2560K, 0% used [0x00000000eba80000,0x00000000eba80000,0x00000000ebd00000)
 ParOldGen       total 42496K, used 0K [0x00000000c0000000, 0x00000000c2980000, 0x00000000eab00000)
  object space 42496K, 0% used [0x00000000c0000000,0x00000000c0000000,0x00000000c2980000)
 Metaspace       used 5497K, capacity 6704K, committed 6784K, reserved 1056768K
  class space    used 552K, capacity 616K, committed 640K, reserved 1048576K
Event: 1.888 GC heap after
Heap after GC invocations=1 (full 0):
 PSYoungGen      total 18432K, used 2528K [0x00000000eab00000, 0x00000000ebf80000, 0x0000000100000000)
  eden space 15872K, 0% used [0x00000000eab00000,0x00000000eab00000,0x00000000eba80000)
  from space 2560K, 98% used [0x00000000eba80000,0x00000000ebcf8290,0x00000000ebd00000)
  to   space 2560K, 0% used [0x00000000ebd00000,0x00000000ebd00000,0x00000000ebf80000)
 ParOldGen       total 42496K, used 1780K [0x00000000c0000000, 0x00000000c2980000, 0x00000000eab00000)
  object space 42496K, 4% used [0x00000000c0000000,0x00000000c01bd010,0x00000000c2980000)
 Metaspace       used 5497K, capacity 6704K, committed 6784K, reserved 1056768K
  class space    used 552K, capacity 616K, committed 640K, reserved 1048576K
}
Event: 2.829 GC heap before
{Heap before GC invocations=2 (full 0):
 PSYoungGen      total 18432K, used 18400K [0x00000000eab00000, 0x00000000ebf80000, 0x0000000100000000)
  eden space 15872K, 100% used [0x00000000eab00000,0x00000000eba80000,0x00000000eba80000)
  from space 2560K, 98% used [0x00000000eba80000,0x00000000ebcf8290,0x00000000ebd00000)
  to   space 2560K, 0% used [0x00000000ebd00000,0x00000000ebd00000,0x00000000ebf80000)
 ParOldGen       total 42496K, used 1780K [0x00000000c0000000, 0x00000000c2980000, 0x00000000eab00000)
  object space 42496K, 4% used [0x00000000c0000000,0x00000000c01bd010,0x00000000c2980000)
 Metaspace       used 5779K, capacity 6960K, committed 7040K, reserved 1056768K
  class space    used 555K, capacity 616K, committed 640K, reserved 1048576K
Event: 3.055 GC heap after
Heap after GC invocations=2 (full 0):
 PSYoungGen      total 18432K, used 2533K [0x00000000eab00000, 0x00000000ecf00000, 0x0000000100000000)
  eden space 15872K, 0% used [0x00000000eab00000,0x00000000eab00000,0x00000000eba80000)
  from space 2560K, 98% used [0x00000000ebd00000,0x00000000ebf79670,0x00000000ebf80000)
  to   space 2560K, 0% used [0x00000000eba80000,0x00000000eba80000,0x00000000ebd00000)
 ParOldGen       total 42496K, used 4054K [0x00000000c0000000, 0x00000000c2980000, 0x00000000eab00000)
  object space 42496K, 9% used [0x00000000c0000000,0x00000000c03f5bb8,0x00000000c2980000)
 Metaspace       used 5779K, capacity 6960K, committed 7040K, reserved 1056768K
  class space    used 555K, capacity 616K, committed 640K, reserved 1048576K
}
Event: 3.945 GC heap before
{Heap before GC invocations=3 (full 0):
 PSYoungGen      total 18432K, used 18405K [0x00000000eab00000, 0x00000000ecf00000, 0x0000000100000000)
  eden space 15872K, 100% used [0x00000000eab00000,0x00000000eba80000,0x00000000eba80000)
  from space 2560K, 98% used [0x00000000ebd00000,0x00000000ebf79670,0x00000000ebf80000)
  to   space 2560K, 0% used [0x00000000eba80000,0x00000000eba80000,0x00000000ebd00000)
 ParOldGen       total 42496K, used 4054K [0x00000000c0000000, 0x00000000c2980000, 0x00000000eab00000)
  object space 42496K, 9% used [0x00000000c0000000,0x00000000c03f5bb8,0x00000000c2980000)
 Metaspace       used 5858K, capacity 7024K, committed 7296K, reserved 1056768K
  class space    used 556K, capacity 616K, committed 640K, reserved 1048576K
Event: 4.537 GC heap after
Heap after GC invocations=3 (full 0):
 PSYoungGen      total 18432K, used 2556K [0x00000000eab00000, 0x00000000ecf00000, 0x0000000100000000)
  eden space 15872K, 0% used [0x00000000eab00000,0x00000000eab00000,0x00000000eba80000)
  from space 2560K, 99% used [0x00000000eba80000,0x00000000ebcff050,0x00000000ebd00000)
  to   space 2560K, 0% used [0x00000000ecc80000,0x00000000ecc80000,0x00000000ecf00000)
 ParOldGen       total 42496K, used 6516K [0x00000000c0000000, 0x00000000c2980000, 0x00000000eab00000)
  object space 42496K, 15% used [0x00000000c0000000,0x00000000c065d0f8,0x00000000c2980000)
 Metaspace       used 5858K, capacity 7024K, committed 7296K, reserved 1056768K
  class space    used 556K, capacity 616K, committed 640K, reserved 1048576K
}
Event: 5.159 GC heap before
{Heap before GC invocations=4 (full 0):
 PSYoungGen      total 18432K, used 18428K [0x00000000eab00000, 0x00000000ecf00000, 0x0000000100000000)
  eden space 15872K, 100% used [0x00000000eab00000,0x00000000eba80000,0x00000000eba80000)
  from space 2560K, 99% used [0x00000000eba80000,0x00000000ebcff050,0x00000000ebd00000)
  to   space 2560K, 0% used [0x00000000ecc80000,0x00000000ecc80000,0x00000000ecf00000)
 ParOldGen       total 42496K, used 6516K [0x00000000c0000000, 0x00000000c2980000, 0x00000000eab00000)
  object space 42496K, 15% used [0x00000000c0000000,0x00000000c065d0f8,0x00000000c2980000)
 Metaspace       used 5883K, capacity 7024K, committed 7296K, reserved 1056768K
  class space    used 560K, capacity 616K, committed 640K, reserved 1048576K

Deoptimization events (10 events):
Event: 1.328 Thread 0x0000000001d6e800 Uncommon trap: reason=class_check action=maybe_recompile pc=0x0000000002a44e60 method=com.android.dx.ssa.NormalSsaInsn.accept(Lcom/android/dx/ssa/SsaInsn$Visitor;)V @ 9
Event: 1.328 Thread 0x0000000001d6e800 Uncommon trap: reason=class_check action=maybe_recompile pc=0x0000000002a44e60 method=com.android.dx.ssa.NormalSsaInsn.accept(Lcom/android/dx/ssa/SsaInsn$Visitor;)V @ 9
Event: 1.512 Thread 0x0000000001d6e800 Uncommon trap: reason=class_check action=maybe_recompile pc=0x0000000002a44e60 method=com.android.dx.ssa.NormalSsaInsn.accept(Lcom/android/dx/ssa/SsaInsn$Visitor;)V @ 9
Event: 1.867 Thread 0x0000000001d6e800 Uncommon trap: reason=unstable_if action=reinterpret pc=0x0000000002aac25c method=com.android.dx.rop.code.RegisterSpecSet.put(Lcom/android/dx/rop/code/RegisterSpec;)V @ 77
Event: 2.764 Thread 0x0000000001d6e800 Uncommon trap: reason=unstable_if action=reinterpret pc=0x0000000002beb844 method=com.android.dx.rop.cst.Constant.compareTo(Lcom/android/dx/rop/cst/Constant;)I @ 12
Event: 3.823 Thread 0x0000000001d6e800 Uncommon trap: reason=null_check action=make_not_entrant pc=0x0000000002b5cf98 method=com.android.dx.ssa.SsaRenamer.getLocalForNewReg(I)Lcom/android/dx/rop/code/LocalItem; @ 19
Event: 3.932 Thread 0x0000000001d6e800 Uncommon trap: reason=unstable_if action=reinterpret pc=0x0000000002de0c50 method=com.android.dx.ssa.SCCP.simulateBranch(Lcom/android/dx/ssa/SsaInsn;)V @ 64
Event: 3.934 Thread 0x0000000001d6e800 Uncommon trap: reason=unstable_if action=reinterpret pc=0x0000000002bb2ccc method=com.android.dx.ssa.SsaMethod.updateOneDefinition(Lcom/android/dx/ssa/SsaInsn;Lcom/android/dx/rop/code/RegisterSpec;)V @ 4
Event: 4.587 Thread 0x0000000001d6e800 Uncommon trap: reason=null_check action=make_not_entrant pc=0x0000000002b468e8 method=com.android.dx.ssa.SsaRenamer.getLocalForNewReg(I)Lcom/android/dx/rop/code/LocalItem; @ 19
Event: 4.868 Thread 0x0000000001d6e800 Uncommon trap: reason=uninitialized action=reinterpret pc=0x0000000002d84ef8 method=com.android.dx.cf.code.BytecodeArray.parseInstruction(ILcom/android/dx/cf/code/BytecodeArray$Visitor;)I @ 1031

Internal exceptions (4 events):
Event: 0.084 Thread 0x0000000001d6e800 Exception <a 'java/lang/NoSuchMethodError': Method sun.misc.Unsafe.defineClass(Ljava/lang/String;[BII)Ljava/lang/Class; name or signature does not match> (0x00000000eab12be0) thrown at [C:\re\workspace\8-2-build-windows-amd64-cygwin\jdk8u45\3627\hotspot\sr∂¡ÈôSêµ?
Event: 0.084 Thread 0x0000000001d6e800 Exception <a 'java/lang/NoSuchMethodError': Method sun.misc.Unsafe.prefetchRead(Ljava/lang/Object;J)V name or signature does not match> (0x00000000eab12e70) thrown at [C:\re\workspace\8-2-build-windows-amd64-cygwin\jdk8u45\3627\hotspot\src\share\vm\prims\jŒÌNñ@
Event: 3.823 Thread 0x0000000001d6e800 Implicit null exception at 0x0000000002b5a55f to 0x0000000002b5cf4d
Event: 4.587 Thread 0x0000000001d6e800 Implicit null exception at 0x0000000002b454f3 to 0x0000000002b468b5

Events (10 events):
Event: 4.876 loading class com/android/dx/cf/attrib/AttRuntimeInvisibleParameterAnnotations done
Event: 4.876 loading class com/android/dx/cf/attrib/BaseParameterAnnotations
Event: 4.876 loading class com/android/dx/cf/attrib/BaseParameterAnnotations done
Event: 5.092 loading class com/android/dx/dex/file/ParameterAnnotationStruct
Event: 5.092 loading class com/android/dx/dex/file/ParameterAnnotationStruct done
Event: 5.093 loading class com/android/dx/dex/file/UniformListItem
Event: 5.093 loading class com/android/dx/dex/file/UniformListItem done
Event: 5.093 loading class com/android/dx/dex/file/AnnotationSetRefItem
Event: 5.093 loading class com/android/dx/dex/file/AnnotationSetRefItem done
Event: 5.159 Executing VM operation: ParallelGCFailedAllocation


Dynamic libraries:
0x000000013f4c0000 - 0x000000013f4f7000 	C:\Program Files\Java\jdk1.8.0_45\bin\java.exe
0x0000000076d00000 - 0x0000000076ea9000 	C:\Windows\SYSTEM32\ntdll.dll
0x0000000076be0000 - 0x0000000076cff000 	C:\Windows\system32\kernel32.dll
0x000007fefcbf0000 - 0x000007fefcc5c000 	C:\Windows\system32\KERNELBASE.dll
0x000007fefd650000 - 0x000007fefd72b000 	C:\Windows\system32\ADVAPI32.dll
0x000007fefd350000 - 0x000007fefd3ef000 	C:\Windows\system32\msvcrt.dll
0x000007fefeff0000 - 0x000007feff00f000 	C:\Windows\SYSTEM32\sechost.dll
0x000007fefece0000 - 0x000007fefee0d000 	C:\Windows\system32\RPCRT4.dll
0x0000000076ae0000 - 0x0000000076bda000 	C:\Windows\system32\USER32.dll
0x000007fefd8d0000 - 0x000007fefd937000 	C:\Windows\system32\GDI32.dll
0x000007fefd2a0000 - 0x000007fefd2ae000 	C:\Windows\system32\LPK.dll
0x000007fefd580000 - 0x000007fefd649000 	C:\Windows\system32\USP10.dll
0x000007fefb390000 - 0x000007fefb584000 	C:\Windows\WinSxS\amd64_microsoft.windows.common-controls_6595b64144ccf1df_6.0.7601.18837_none_fa3b1e3d17594757\COMCTL32.dll
0x000007fefd220000 - 0x000007fefd291000 	C:\Windows\system32\SHLWAPI.dll
0x000007fefd840000 - 0x000007fefd86e000 	C:\Windows\system32\IMM32.DLL
0x000007fefd730000 - 0x000007fefd839000 	C:\Windows\system32\MSCTF.dll
0x0000000078f50000 - 0x0000000079022000 	C:\Program Files\Java\jdk1.8.0_45\jre\bin\msvcr100.dll
0x0000000070240000 - 0x0000000070ac3000 	C:\Program Files\Java\jdk1.8.0_45\jre\bin\server\jvm.dll
0x000007fef8e70000 - 0x000007fef8e79000 	C:\Windows\system32\WSOCK32.dll
0x000007fefdcf0000 - 0x000007fefdd3d000 	C:\Windows\system32\WS2_32.dll
0x000007fefce70000 - 0x000007fefce78000 	C:\Windows\system32\NSI.dll
0x000007fef91b0000 - 0x000007fef91eb000 	C:\Windows\system32\WINMM.dll
0x000007fefbb50000 - 0x000007fefbb5c000 	C:\Windows\system32\VERSION.dll
0x0000000076ec0000 - 0x0000000076ec7000 	C:\Windows\system32\PSAPI.DLL
0x0000000054b40000 - 0x0000000054b4f000 	C:\Program Files\Java\jdk1.8.0_45\jre\bin\verify.dll
0x0000000054170000 - 0x0000000054199000 	C:\Program Files\Java\jdk1.8.0_45\jre\bin\java.dll
0x0000000054150000 - 0x0000000054166000 	C:\Program Files\Java\jdk1.8.0_45\jre\bin\zip.dll
0x000007fefdf50000 - 0x000007fefecd9000 	C:\Windows\system32\SHELL32.dll
0x000007fefdd40000 - 0x000007fefdf43000 	C:\Windows\system32\ole32.dll
0x000007fefcab0000 - 0x000007fefcabf000 	C:\Windows\system32\profapi.dll

VM Arguments:
jvm_args: -Xmx1024M -Dfile.encoding=x-windows-949 -Duser.country=KR -Duser.language=ko -Duser.variant 
java_command: com.android.dx.command.Main --dex --output C:\Users\ICo\Documents\GitHub\AndroidAsyncTest\app\build\intermediates\pre-dexed\debug\classes-7d9ed0b9f30f805350ee18caecaaa85fca87726d.jar C:\Users\ICo\Documents\GitHub\AndroidAsyncTest\app\build\intermediates\exploded-aar\com.android.support\appcompat-v7\22.2.0\jars\classes.jar
java_class_path (initial): C:\Users\ICo\AppData\Local\Android\sdk\build-tools\22.0.1\lib\dx.jar
Launcher Type: SUN_STANDARD

Environment Variables:
PATH=C:\app\ICo\product\12.1.0\dbhome_1\bin;C:\Program Files (x86)\Wizvera\Delfino;C:\ProgramData\Oracle\Java\javapath;C:\Program Files (x86)\Intel\iCLS Client\;C:\Program Files\Intel\iCLS Client\;C:\Program Files\Common Files\Microsoft Shared\Windows Live;C:\Program Files (x86)\Common Files\Microsoft Shared\Windows Live;C:\Windows\system32;C:\Windows;C:\Windows\System32\Wbem;C:\Windows\System32\WindowsPowerShell\v1.0\;C:\Program Files (x86)\Windows Live\Shared;C:\Program Files\Intel\Intel(R) Management Engine Components\DAL;C:\Program Files\Intel\Intel(R) Management Engine Components\IPT;C:\Program Files (x86)\Intel\Intel(R) Management Engine Components\DAL;C:\Program Files (x86)\Intel\Intel(R) Management Engine Components\IPT;C:\Program Files (x86)\Intel\OpenCL SDK\2.0\bin\x86;C:\Program Files (x86)\Intel\OpenCL SDK\2.0\bin\x64;C:\Program Files\Intel\WiFi\bin\;C:\Program Files\Common Files\Intel\WirelessCommon\;C:\Program Files\Microsoft\Web Platform Installer\;C:\Program Files (x86)\Microsoft ASP.NET\ASP.NET Web Pages\v1.0\;C:\Program Files (x86)\Windows Kits\8.0\Windows Performance Toolkit\;C:\Program Files\Microsoft SQL Server\110\Tools\Binn\;C:\Program Files\nodejs\;C:\Users\ICo\AppData\Roaming\npm
USERNAME=ICo
OS=Windows_NT
PROCESSOR_IDENTIFIER=Intel64 Family 6 Model 58 Stepping 9, GenuineIntel



---------------  S Y S T E M  ---------------

OS: Windows 7 , 64 bit Build 7601 (6.1.7601.18933)

CPU:total 4 (2 cores per cpu, 2 threads per core) family 6 model 58 stepping 9, cmov, cx8, fxsr, mmx, sse, sse2, sse3, ssse3, sse4.1, sse4.2, popcnt, avx, aes, clmul, erms, ht, tsc, tscinvbit, tscinv

Memory: 4k page, physical 4052300k(181884k free), swap 8298820k(5112k free)

vm_info: Java HotSpot(TM) 64-Bit Server VM (25.45-b02) for windows-amd64 JRE (1.8.0_45-b15), built on Apr 30 2015 12:40:44 by "java_re" with MS VC++ 10.0 (VS2010)

time: Sat Aug 29 16:42:46 2015
elapsed time: 5 seconds (0d 0h 0m 5s)

