#
# There is insufficient memory for the Java Runtime Environment to continue.
# Native memory allocation (malloc) failed to allocate 416 bytes for AllocateHeap
# Possible reasons:
#   The system is out of physical RAM or swap space
#   In 32 bit mode, the process size limit was hit
# Possible solutions:
#   Reduce memory load on the system
#   Increase physical memory or swap space
#   Check if swap backing store is full
#   Use 64 bit Java on a 64 bit OS
#   Decrease Java heap size (-Xmx/-Xms)
#   Decrease number of Java threads
#   Decrease Java thread stack sizes (-Xss)
#   Set larger code cache with -XX:ReservedCodeCacheSize=
# This output file may be truncated or incomplete.
#
#  Out of Memory Error (memory/allocation.inline.hpp:61), pid=8928, tid=11352
#
# JRE version: Java(TM) SE Runtime Environment (8.0_45-b15) (build 1.8.0_45-b15)
# Java VM: Java HotSpot(TM) 64-Bit Server VM (25.45-b02 mixed mode windows-amd64 compressed oops)
# Failed to write core dump. Minidumps are not enabled by default on client versions of Windows
#

---------------  T H R E A D  ---------------

Current thread (0x0000000016509800):  JavaThread "C1 CompilerThread2" daemon [_thread_in_vm, id=11352, stack(0x0000000016e30000,0x0000000016f30000)]

Stack: [0x0000000016e30000,0x0000000016f30000]
Native frames: (J=compiled Java code, j=interpreted, Vv=VM code, C=native code)
V  [jvm.dll+0x32b57a]


Current CompileTask:
C1:   2719 1052       3       java.util.TreeMap::successor (66 bytes)


---------------  P R O C E S S  ---------------

Java Threads: ( => current thread )
  0x000000001656e000 JavaThread "Service Thread" daemon [_thread_blocked, id=11372, stack(0x0000000016a90000,0x0000000016b90000)]
=>0x0000000016509800 JavaThread "C1 CompilerThread2" daemon [_thread_in_vm, id=11352, stack(0x0000000016e30000,0x0000000016f30000)]
  0x0000000016508000 JavaThread "C2 CompilerThread1" daemon [_thread_blocked, id=11348, stack(0x0000000016f40000,0x0000000017040000)]
  0x0000000016506000 JavaThread "C2 CompilerThread0" daemon [_thread_blocked, id=11336, stack(0x0000000016d20000,0x0000000016e20000)]
  0x00000000164f9800 JavaThread "Attach Listener" daemon [_thread_blocked, id=11320, stack(0x0000000016b90000,0x0000000016c90000)]
  0x00000000153a0800 JavaThread "Signal Dispatcher" daemon [_thread_blocked, id=11308, stack(0x0000000016900000,0x0000000016a00000)]
  0x0000000015341800 JavaThread "Finalizer" daemon [_thread_blocked, id=11276, stack(0x00000000160a0000,0x00000000161a0000)]
  0x0000000015340000 JavaThread "Reference Handler" daemon [_thread_blocked, id=2184, stack(0x00000000163f0000,0x00000000164f0000)]
  0x000000000259e800 JavaThread "main" [_thread_in_Java, id=9684, stack(0x00000000026f0000,0x00000000027f0000)]

Other Threads:
  0x000000001533a800 VMThread [stack: 0x00000000161d0000,0x00000000162d0000] [id=10376]
  0x00000000165a2800 WatcherThread [stack: 0x00000000170a0000,0x00000000171a0000] [id=11384]

VM state:not at safepoint (normal execution)

VM Mutex/Monitor currently owned by a thread:  ([mutex/lock_event])
[0x0000000002598e70] CodeCache_lock - owner thread: 0x0000000016509800
[0x000000000259d510] Compile_lock - owner thread: 0x0000000016509800
[0x000000000259d610] MethodCompileQueue_lock - owner thread: 0x0000000016509800

Heap:
 PSYoungGen      total 18432K, used 4552K [0x00000000eab00000, 0x00000000ecf00000, 0x0000000100000000)
  eden space 15872K, 12% used [0x00000000eab00000,0x00000000eacf9fe0,0x00000000eba80000)
  from space 2560K, 98% used [0x00000000eba80000,0x00000000ebcf8270,0x00000000ebd00000)
  to   space 2560K, 0% used [0x00000000ecc80000,0x00000000ecc80000,0x00000000ecf00000)
 ParOldGen       total 42496K, used 1808K [0x00000000c0000000, 0x00000000c2980000, 0x00000000eab00000)
  object space 42496K, 4% used [0x00000000c0000000,0x00000000c01c4108,0x00000000c2980000)
 Metaspace       used 5525K, capacity 6768K, committed 7040K, reserved 1056768K
  class space    used 552K, capacity 616K, committed 640K, reserved 1048576K

Card table byte_map: [0x0000000011bb0000,0x0000000011dc0000] byte_map_base: 0x00000000115b0000

Marking Bits: (ParMarkBitMap*) 0x0000000070ae4040
 Begin Bits: [0x00000000127b0000, 0x00000000137b0000)
 End Bits:   [0x00000000137b0000, 0x00000000147b0000)

Polling page: 0x0000000000330000

CodeCache: size=245760Kb used=4161Kb max_used=4162Kb free=241598Kb
 bounds [0x00000000027f0000, 0x0000000002c10000, 0x00000000117f0000]
 total_blobs=1306 nmethods=1038 adapters=180
 compilation: enabled

Compilation events (10 events):
Event: 2.277 Thread 0x0000000016509800 1034       3       com.android.dx.util.MutabilityControl::<init> (10 bytes)
Event: 2.278 Thread 0x0000000016509800 nmethod 1034 0x0000000002bf7590 code [0x0000000002bf76e0, 0x0000000002bf7890]
Event: 2.278 Thread 0x0000000016509800 1047       1       java.util.HashMap::size (5 bytes)
Event: 2.278 Thread 0x0000000016509800 nmethod 1047 0x0000000002bf7950 code [0x0000000002bf7aa0, 0x0000000002bf7bb0]
Event: 2.278 Thread 0x0000000016508000 1049       4       com.android.dx.ssa.SsaMethod::forEachInsn (36 bytes)
Event: 2.281 Thread 0x0000000016506000 nmethod 1048 0x0000000002bfaa10 code [0x0000000002bfab80, 0x0000000002bfad88]
Event: 2.470 Thread 0x0000000016508000 nmethod 1049 0x0000000002bfe750 code [0x0000000002bfeaa0, 0x0000000002c009c8]
Event: 2.706 Thread 0x0000000016509800 1057       3       com.android.dx.ssa.DeadCodeRemover::pruneDeadInstructions (246 bytes)
Event: 2.709 Thread 0x0000000016509800 nmethod 1057 0x0000000002c05c50 code [0x0000000002c06040, 0x0000000002c087f8]
Event: 2.709 Thread 0x0000000016509800 1052       3       java.util.TreeMap::successor (66 bytes)

GC Heap History (2 events):
Event: 1.815 GC heap before
{Heap before GC invocations=1 (full 0):
 PSYoungGen      total 18432K, used 15872K [0x00000000eab00000, 0x00000000ebf80000, 0x0000000100000000)
  eden space 15872K, 100% used [0x00000000eab00000,0x00000000eba80000,0x00000000eba80000)
  from space 2560K, 0% used [0x00000000ebd00000,0x00000000ebd00000,0x00000000ebf80000)
  to   space 2560K, 0% used [0x00000000eba80000,0x00000000eba80000,0x00000000ebd00000)
 ParOldGen       total 42496K, used 0K [0x00000000c0000000, 0x00000000c2980000, 0x00000000eab00000)
  object space 42496K, 0% used [0x00000000c0000000,0x00000000c0000000,0x00000000c2980000)
 Metaspace       used 5502K, capacity 6768K, committed 7040K, reserved 1056768K
  class space    used 552K, capacity 616K, committed 640K, reserved 1048576K
Event: 1.937 GC heap after
Heap after GC invocations=1 (full 0):
 PSYoungGen      total 18432K, used 2528K [0x00000000eab00000, 0x00000000ecf00000, 0x0000000100000000)
  eden space 15872K, 0% used [0x00000000eab00000,0x00000000eab00000,0x00000000eba80000)
  from space 2560K, 98% used [0x00000000eba80000,0x00000000ebcf8270,0x00000000ebd00000)
  to   space 2560K, 0% used [0x00000000ecc80000,0x00000000ecc80000,0x00000000ecf00000)
 ParOldGen       total 42496K, used 1808K [0x00000000c0000000, 0x00000000c2980000, 0x00000000eab00000)
  object space 42496K, 4% used [0x00000000c0000000,0x00000000c01c4108,0x00000000c2980000)
 Metaspace       used 5502K, capacity 6768K, committed 7040K, reserved 1056768K
  class space    used 552K, capacity 616K, committed 640K, reserved 1048576K
}

Deoptimization events (5 events):
Event: 1.100 Thread 0x000000000259e800 Uncommon trap: reason=class_check action=maybe_recompile pc=0x0000000002a823a0 method=com.android.dx.ssa.NormalSsaInsn.accept(Lcom/android/dx/ssa/SsaInsn$Visitor;)V @ 9
Event: 1.100 Thread 0x000000000259e800 Uncommon trap: reason=class_check action=maybe_recompile pc=0x0000000002a823a0 method=com.android.dx.ssa.NormalSsaInsn.accept(Lcom/android/dx/ssa/SsaInsn$Visitor;)V @ 9
Event: 1.100 Thread 0x000000000259e800 Uncommon trap: reason=class_check action=maybe_recompile pc=0x0000000002a823a0 method=com.android.dx.ssa.NormalSsaInsn.accept(Lcom/android/dx/ssa/SsaInsn$Visitor;)V @ 9
Event: 1.814 Thread 0x000000000259e800 Uncommon trap: reason=unstable_if action=reinterpret pc=0x0000000002b00b5c method=com.android.dx.rop.code.RegisterSpecSet.put(Lcom/android/dx/rop/code/RegisterSpec;)V @ 77
Event: 1.814 Thread 0x000000000259e800 Uncommon trap: reason=unstable_if action=reinterpret pc=0x0000000002b8b398 method=com.android.dx.rop.code.RegisterSpecSet.put(Lcom/android/dx/rop/code/RegisterSpec;)V @ 77

Internal exceptions (2 events):
Event: 0.112 Thread 0x000000000259e800 Exception <a 'java/lang/NoSuchMethodError': Method sun.misc.Unsafe.defineClass(Ljava/lang/String;[BII)Ljava/lang/Class; name or signature does not match> (0x00000000eab12f30) thrown at [C:\re\workspace\8-2-build-windows-amd64-cygwin\jdk8u45\3627\hotspot\sr”»ôÒ·ºº?
Event: 0.112 Thread 0x000000000259e800 Exception <a 'java/lang/NoSuchMethodError': Method sun.misc.Unsafe.prefetchRead(Ljava/lang/Object;J)V name or signature does not match> (0x00000000eab131c0) thrown at [C:\re\workspace\8-2-build-windows-amd64-cygwin\jdk8u45\3627\hotspot\src\share\vm\prims\j

Events (10 events):
Event: 1.438 loading class com/android/dx/cf/attrib/AttEnclosingMethod
Event: 1.438 loading class com/android/dx/cf/attrib/AttEnclosingMethod done
Event: 1.814 Thread 0x000000000259e800 Uncommon trap: trap_request=0xffffff65 fr.pc=0x0000000002b00b5c
Event: 1.814 Thread 0x000000000259e800 DEOPT PACKING pc=0x0000000002b00b5c sp=0x00000000027eeac0
Event: 1.814 Thread 0x000000000259e800 DEOPT UNPACKING pc=0x000000000283582a sp=0x00000000027eea48 mode 2
Event: 1.814 Thread 0x000000000259e800 Uncommon trap: trap_request=0xffffff65 fr.pc=0x0000000002b8b398
Event: 1.814 Thread 0x000000000259e800 DEOPT PACKING pc=0x0000000002b8b398 sp=0x00000000027eeab0
Event: 1.814 Thread 0x000000000259e800 DEOPT UNPACKING pc=0x000000000283582a sp=0x00000000027ee9d0 mode 2
Event: 1.815 Executing VM operation: ParallelGCFailedAllocation
Event: 1.938 Executing VM operation: ParallelGCFailedAllocation done


Dynamic libraries:
0x000000013f530000 - 0x000000013f567000 	C:\Program Files\Java\jdk1.8.0_45\bin\java.exe
0x0000000077990000 - 0x0000000077b39000 	C:\Windows\SYSTEM32\ntdll.dll
0x0000000077870000 - 0x000000007798f000 	C:\Windows\system32\kernel32.dll
0x000007fefda70000 - 0x000007fefdadc000 	C:\Windows\system32\KERNELBASE.dll
0x000007fefdb00000 - 0x000007fefdbdb000 	C:\Windows\system32\ADVAPI32.dll
0x000007fefeaf0000 - 0x000007fefeb8f000 	C:\Windows\system32\msvcrt.dll
0x000007feff0e0000 - 0x000007feff0ff000 	C:\Windows\SYSTEM32\sechost.dll
0x000007feff550000 - 0x000007feff67d000 	C:\Windows\system32\RPCRT4.dll
0x0000000077770000 - 0x000000007786a000 	C:\Windows\system32\USER32.dll
0x000007fefea70000 - 0x000007fefead7000 	C:\Windows\system32\GDI32.dll
0x000007fefeae0000 - 0x000007fefeaee000 	C:\Windows\system32\LPK.dll
0x000007fefebb0000 - 0x000007fefec79000 	C:\Windows\system32\USP10.dll
0x000007fefbd60000 - 0x000007fefbf54000 	C:\Windows\WinSxS\amd64_microsoft.windows.common-controls_6595b64144ccf1df_6.0.7601.18837_none_fa3b1e3d17594757\COMCTL32.dll
0x000007fefec80000 - 0x000007fefecf1000 	C:\Windows\system32\SHLWAPI.dll
0x000007feff720000 - 0x000007feff74e000 	C:\Windows\system32\IMM32.DLL
0x000007fefed00000 - 0x000007fefee09000 	C:\Windows\system32\MSCTF.dll
0x0000000054790000 - 0x0000000054862000 	C:\Program Files\Java\jdk1.8.0_45\jre\bin\msvcr100.dll
0x00000000702e0000 - 0x0000000070b63000 	C:\Program Files\Java\jdk1.8.0_45\jre\bin\server\jvm.dll
0x000007fef9b00000 - 0x000007fef9b09000 	C:\Windows\system32\WSOCK32.dll
0x000007fefdbf0000 - 0x000007fefdc3d000 	C:\Windows\system32\WS2_32.dll
0x000007fefdbe0000 - 0x000007fefdbe8000 	C:\Windows\system32\NSI.dll
0x000007fef9e40000 - 0x000007fef9e7b000 	C:\Windows\system32\WINMM.dll
0x000007fefc7e0000 - 0x000007fefc7ec000 	C:\Windows\system32\VERSION.dll
0x0000000077b60000 - 0x0000000077b67000 	C:\Windows\system32\PSAPI.DLL
0x0000000062800000 - 0x000000006280f000 	C:\Program Files\Java\jdk1.8.0_45\jre\bin\verify.dll
0x000000005d680000 - 0x000000005d6a9000 	C:\Program Files\Java\jdk1.8.0_45\jre\bin\java.dll
0x000000005d660000 - 0x000000005d676000 	C:\Program Files\Java\jdk1.8.0_45\jre\bin\zip.dll
0x000007fefdc40000 - 0x000007fefe9c9000 	C:\Windows\system32\SHELL32.dll
0x000007feff750000 - 0x000007feff953000 	C:\Windows\system32\ole32.dll
0x000007fefd740000 - 0x000007fefd74f000 	C:\Windows\system32\profapi.dll

VM Arguments:
jvm_args: -Xmx1024M -Dfile.encoding=x-windows-949 -Duser.country=KR -Duser.language=ko -Duser.variant 
java_command: com.android.dx.command.Main --dex --output C:\Users\ICo\Documents\GitHub\AndroidAsyncTest\app\build\intermediates\pre-dexed\debug\classes-7d9ed0b9f30f805350ee18caecaaa85fca87726d.jar C:\Users\ICo\Documents\GitHub\AndroidAsyncTest\app\build\intermediates\exploded-aar\com.android.support\appcompat-v7\22.2.0\jars\classes.jar
java_class_path (initial): C:\Users\ICo\AppData\Local\Android\sdk\build-tools\22.0.1\lib\dx.jar
Launcher Type: SUN_STANDARD

Environment Variables:
PATH=C:\app\ICo\product\12.1.0\dbhome_1\bin;C:\Program Files (x86)\Wizvera\Delfino;C:\ProgramData\Oracle\Java\javapath;C:\Program Files (x86)\Intel\iCLS Client\;C:\Program Files\Intel\iCLS Client\;C:\Program Files\Common Files\Microsoft Shared\Windows Live;C:\Program Files (x86)\Common Files\Microsoft Shared\Windows Live;C:\Windows\system32;C:\Windows;C:\Windows\System32\Wbem;C:\Windows\System32\WindowsPowerShell\v1.0\;C:\Program Files (x86)\Windows Live\Shared;C:\Program Files\Intel\Intel(R) Management Engine Components\DAL;C:\Program Files\Intel\Intel(R) Management Engine Components\IPT;C:\Program Files (x86)\Intel\Intel(R) Management Engine Components\DAL;C:\Program Files (x86)\Intel\Intel(R) Management Engine Components\IPT;C:\Program Files (x86)\Intel\OpenCL SDK\2.0\bin\x86;C:\Program Files (x86)\Intel\OpenCL SDK\2.0\bin\x64;C:\Program Files\Intel\WiFi\bin\;C:\Program Files\Common Files\Intel\WirelessCommon\;C:\Program Files\Microsoft\Web Platform Installer\;C:\Program Files (x86)\Microsoft ASP.NET\ASP.NET Web Pages\v1.0\;C:\Program Files (x86)\Windows Kits\8.0\Windows Performance Toolkit\;C:\Program Files\Microsoft SQL Server\110\Tools\Binn\;C:\Program Files\nodejs\;C:\Users\ICo\AppData\Roaming\npm
USERNAME=ICo
OS=Windows_NT
PROCESSOR_IDENTIFIER=Intel64 Family 6 Model 58 Stepping 9, GenuineIntel



---------------  S Y S T E M  ---------------

OS: Windows 7 , 64 bit Build 7601 (6.1.7601.18933)

CPU:total 4 (2 cores per cpu, 2 threads per core) family 6 model 58 stepping 9, cmov, cx8, fxsr, mmx, sse, sse2, sse3, ssse3, sse4.1, sse4.2, popcnt, avx, aes, clmul, erms, ht, tsc, tscinvbit, tscinv

Memory: 4k page, physical 4052300k(192560k free), swap 7663640k(5112k free)

vm_info: Java HotSpot(TM) 64-Bit Server VM (25.45-b02) for windows-amd64 JRE (1.8.0_45-b15), built on Apr 30 2015 12:40:44 by "java_re" with MS VC++ 10.0 (VS2010)

time: Tue Aug 25 23:33:17 2015
elapsed time: 2 seconds (0d 0h 0m 2s)

