#
# There is insufficient memory for the Java Runtime Environment to continue.
# Native memory allocation (malloc) failed to allocate 540256 bytes for Chunk::new
# Possible reasons:
#   The system is out of physical RAM or swap space
#   In 32 bit mode, the process size limit was hit
# Possible solutions:
#   Reduce memory load on the system
#   Increase physical memory or swap space
#   Check if swap backing store is full
#   Use 64 bit Java on a 64 bit OS
#   Decrease Java heap size (-Xmx/-Xms)
#   Decrease number of Java threads
#   Decrease Java thread stack sizes (-Xss)
#   Set larger code cache with -XX:ReservedCodeCacheSize=
# This output file may be truncated or incomplete.
#
#  Out of Memory Error (allocation.cpp:390), pid=6512, tid=3056
#
# JRE version: Java(TM) SE Runtime Environment (8.0_45-b15) (build 1.8.0_45-b15)
# Java VM: Java HotSpot(TM) 64-Bit Server VM (25.45-b02 mixed mode windows-amd64 compressed oops)
# Failed to write core dump. Minidumps are not enabled by default on client versions of Windows
#

---------------  T H R E A D  ---------------

Current thread (0x000000001653b000):  JavaThread "C2 CompilerThread0" daemon [_thread_in_native, id=3056, stack(0x0000000016a70000,0x0000000016b70000)]

Stack: [0x0000000016a70000,0x0000000016b70000],  sp=0x0000000016b6f0d0,  free space=1020k
Native frames: (J=compiled Java code, j=interpreted, Vv=VM code, C=native code)
V  [jvm.dll+0x32b57a]
V  [jvm.dll+0x279873]
V  [jvm.dll+0x27a509]
V  [jvm.dll+0x271825]
V  [jvm.dll+0xcb9e2]
V  [jvm.dll+0xcbeac]
V  [jvm.dll+0x476ef2]
V  [jvm.dll+0x4b955f]
V  [jvm.dll+0x46baa8]
V  [jvm.dll+0x46ccbe]
V  [jvm.dll+0x4500f2]
V  [jvm.dll+0xa4352]
V  [jvm.dll+0xa4c8f]
V  [jvm.dll+0x241984]
V  [jvm.dll+0x29853a]
C  [msvcr100.dll+0x21d9f]
C  [msvcr100.dll+0x21e3b]
C  [kernel32.dll+0x15a4d]
C  [ntdll.dll+0x2b831]


Current CompileTask:
C2:   2672  714       4       com.android.dx.ssa.SsaBasicBlock::forEachInsn (37 bytes)


---------------  P R O C E S S  ---------------

Java Threads: ( => current thread )
  0x00000000165a3000 JavaThread "Service Thread" daemon [_thread_blocked, id=10424, stack(0x0000000017090000,0x0000000017190000)]
  0x00000000165a2000 JavaThread "C1 CompilerThread2" daemon [_thread_blocked, id=4012, stack(0x0000000016f30000,0x0000000017030000)]
  0x0000000016545000 JavaThread "C2 CompilerThread1" daemon [_thread_blocked, id=11056, stack(0x0000000016c70000,0x0000000016d70000)]
=>0x000000001653b000 JavaThread "C2 CompilerThread0" daemon [_thread_in_native, id=3056, stack(0x0000000016a70000,0x0000000016b70000)]
  0x0000000016539800 JavaThread "Attach Listener" daemon [_thread_blocked, id=8424, stack(0x0000000016940000,0x0000000016a40000)]
  0x00000000151c0800 JavaThread "Signal Dispatcher" daemon [_thread_blocked, id=10360, stack(0x0000000016210000,0x0000000016310000)]
  0x0000000015161800 JavaThread "Finalizer" daemon [_thread_blocked, id=9004, stack(0x0000000016430000,0x0000000016530000)]
  0x0000000015160800 JavaThread "Reference Handler" daemon [_thread_blocked, id=9448, stack(0x0000000016320000,0x0000000016420000)]
  0x000000000259e800 JavaThread "main" [_thread_in_Java, id=1348, stack(0x0000000002830000,0x0000000002930000)]

Other Threads:
  0x000000001515b000 VMThread [stack: 0x0000000016080000,0x0000000016180000] [id=8636]
  0x00000000165b7000 WatcherThread [stack: 0x0000000017270000,0x0000000017370000] [id=10288]

VM state:not at safepoint (normal execution)

VM Mutex/Monitor currently owned by a thread: None

Heap:
 PSYoungGen      total 18432K, used 12431K [0x00000000eab00000, 0x00000000ebf80000, 0x0000000100000000)
  eden space 15872K, 78% used [0x00000000eab00000,0x00000000eb723cb8,0x00000000eba80000)
  from space 2560K, 0% used [0x00000000ebd00000,0x00000000ebd00000,0x00000000ebf80000)
  to   space 2560K, 0% used [0x00000000eba80000,0x00000000eba80000,0x00000000ebd00000)
 ParOldGen       total 42496K, used 0K [0x00000000c0000000, 0x00000000c2980000, 0x00000000eab00000)
  object space 42496K, 0% used [0x00000000c0000000,0x00000000c0000000,0x00000000c2980000)
 Metaspace       used 5370K, capacity 6640K, committed 6784K, reserved 1056768K
  class space    used 552K, capacity 616K, committed 640K, reserved 1048576K

Card table byte_map: [0x0000000011cf0000,0x0000000011f00000] byte_map_base: 0x00000000116f0000

Marking Bits: (ParMarkBitMap*) 0x0000000070a44040
 Begin Bits: [0x00000000125d0000, 0x00000000135d0000)
 End Bits:   [0x00000000135d0000, 0x00000000145d0000)

Polling page: 0x0000000000130000

CodeCache: size=245760Kb used=3127Kb max_used=3128Kb free=242632Kb
 bounds [0x0000000002930000, 0x0000000002c40000, 0x0000000011930000]
 total_blobs=1029 nmethods=758 adapters=180
 compilation: disabled (not enough contiguous free space left)

Compilation events (10 events):
Event: 2.625 Thread 0x00000000165a2000 nmethod 724 0x0000000002c0f0d0 code [0x0000000002c0f2a0, 0x0000000002c0f958]
Event: 2.626 Thread 0x00000000165a2000  725       3       com.android.dx.cf.code.LocalVariableList::pcAndIndexToLocal (51 bytes)
Event: 2.626 Thread 0x00000000165a2000 nmethod 725 0x0000000002c0e690 code [0x0000000002c0e840, 0x0000000002c0eec8]
Event: 2.626 Thread 0x00000000165a2000  726       3       com.android.dx.cf.code.BaseMachine::auxIntArg (6 bytes)
Event: 2.627 Thread 0x00000000165a2000 nmethod 726 0x0000000002c0e350 code [0x0000000002c0e4a0, 0x0000000002c0e5f0]
Event: 2.627 Thread 0x00000000165a2000  727       3       com.android.dx.cf.code.BaseMachine::storeResults (90 bytes)
Event: 2.632 Thread 0x00000000165a2000 nmethod 727 0x0000000002c23cd0 code [0x0000000002c23ec0, 0x0000000002c24948]
Event: 2.633 Thread 0x00000000165a2000  728       3       com.android.dx.cf.code.Simulator$SimVisitor::setPreviousOffset (6 bytes)
Event: 2.633 Thread 0x00000000165a2000 nmethod 728 0x0000000002c0e010 code [0x0000000002c0e160, 0x0000000002c0e2b0]
Event: 2.633 Thread 0x00000000165a2000  729       3       com.android.dx.cf.code.Merger::isPossiblyAssignableFrom (202 bytes)

GC Heap History (0 events):
No events

Deoptimization events (1 events):
Event: 2.494 Thread 0x000000000259e800 Uncommon trap: reason=unstable_if action=reinterpret pc=0x0000000002b71860 method=java.util.BitSet.nextSetBit(I)I @ 87

Internal exceptions (2 events):
Event: 0.832 Thread 0x000000000259e800 Exception <a 'java/lang/NoSuchMethodError': Method sun.misc.Unsafe.defineClass(Ljava/lang/String;[BII)Ljava/lang/Class; name or signature does not match> (0x00000000eab12f30) thrown at [C:\re\workspace\8-2-build-windows-amd64-cygwin\jdk8u45\3627\hotspot\srF(p=© ê?
Event: 0.832 Thread 0x000000000259e800 Exception <a 'java/lang/NoSuchMethodError': Method sun.misc.Unsafe.prefetchRead(Ljava/lang/Object;J)V name or signature does not match> (0x00000000eab131c0) thrown at [C:\re\workspace\8-2-build-windows-amd64-cygwin\jdk8u45\3627\hotspot\src\share\vm\prims\j

Events (10 events):
Event: 2.527 loading class com/android/dx/dex/file/ParameterAnnotationStruct
Event: 2.528 loading class com/android/dx/dex/file/ParameterAnnotationStruct done
Event: 2.528 loading class com/android/dx/dex/file/UniformListItem
Event: 2.528 loading class com/android/dx/dex/file/UniformListItem done
Event: 2.529 loading class com/android/dx/dex/file/AnnotationSetRefItem
Event: 2.529 loading class com/android/dx/dex/file/AnnotationSetRefItem done
Event: 2.535 loading class com/android/dx/ssa/back/FirstFitLocalCombiningAllocator$Multiset
Event: 2.535 loading class com/android/dx/ssa/back/FirstFitLocalCombiningAllocator$Multiset done
Event: 2.555 loading class com/android/dx/cf/code/SwitchList
Event: 2.555 loading class com/android/dx/cf/code/SwitchList done


Dynamic libraries:
0x000000013f4c0000 - 0x000000013f4f7000 	C:\Program Files\Java\jdk1.8.0_45\bin\java.exe
0x0000000076d00000 - 0x0000000076ea9000 	C:\Windows\SYSTEM32\ntdll.dll
0x0000000076be0000 - 0x0000000076cff000 	C:\Windows\system32\kernel32.dll
0x000007fefcbf0000 - 0x000007fefcc5c000 	C:\Windows\system32\KERNELBASE.dll
0x000007fefd650000 - 0x000007fefd72b000 	C:\Windows\system32\ADVAPI32.dll
0x000007fefd350000 - 0x000007fefd3ef000 	C:\Windows\system32\msvcrt.dll
0x000007fefeff0000 - 0x000007feff00f000 	C:\Windows\SYSTEM32\sechost.dll
0x000007fefece0000 - 0x000007fefee0d000 	C:\Windows\system32\RPCRT4.dll
0x0000000076ae0000 - 0x0000000076bda000 	C:\Windows\system32\USER32.dll
0x000007fefd8d0000 - 0x000007fefd937000 	C:\Windows\system32\GDI32.dll
0x000007fefd2a0000 - 0x000007fefd2ae000 	C:\Windows\system32\LPK.dll
0x000007fefd580000 - 0x000007fefd649000 	C:\Windows\system32\USP10.dll
0x000007fefb390000 - 0x000007fefb584000 	C:\Windows\WinSxS\amd64_microsoft.windows.common-controls_6595b64144ccf1df_6.0.7601.18837_none_fa3b1e3d17594757\COMCTL32.dll
0x000007fefd220000 - 0x000007fefd291000 	C:\Windows\system32\SHLWAPI.dll
0x000007fefd840000 - 0x000007fefd86e000 	C:\Windows\system32\IMM32.DLL
0x000007fefd730000 - 0x000007fefd839000 	C:\Windows\system32\MSCTF.dll
0x0000000078f50000 - 0x0000000079022000 	C:\Program Files\Java\jdk1.8.0_45\jre\bin\msvcr100.dll
0x0000000070240000 - 0x0000000070ac3000 	C:\Program Files\Java\jdk1.8.0_45\jre\bin\server\jvm.dll
0x000007fef8e70000 - 0x000007fef8e79000 	C:\Windows\system32\WSOCK32.dll
0x000007fefdcf0000 - 0x000007fefdd3d000 	C:\Windows\system32\WS2_32.dll
0x000007fefce70000 - 0x000007fefce78000 	C:\Windows\system32\NSI.dll
0x000007fef91b0000 - 0x000007fef91eb000 	C:\Windows\system32\WINMM.dll
0x000007fefbb50000 - 0x000007fefbb5c000 	C:\Windows\system32\VERSION.dll
0x0000000076ec0000 - 0x0000000076ec7000 	C:\Windows\system32\PSAPI.DLL
0x0000000054b40000 - 0x0000000054b4f000 	C:\Program Files\Java\jdk1.8.0_45\jre\bin\verify.dll
0x0000000054170000 - 0x0000000054199000 	C:\Program Files\Java\jdk1.8.0_45\jre\bin\java.dll
0x0000000054150000 - 0x0000000054166000 	C:\Program Files\Java\jdk1.8.0_45\jre\bin\zip.dll
0x000007fefdf50000 - 0x000007fefecd9000 	C:\Windows\system32\SHELL32.dll
0x000007fefdd40000 - 0x000007fefdf43000 	C:\Windows\system32\ole32.dll
0x000007fefcab0000 - 0x000007fefcabf000 	C:\Windows\system32\profapi.dll
0x000007fef7ea0000 - 0x000007fef7fc5000 	C:\Windows\system32\dbghelp.dll

VM Arguments:
jvm_args: -Xmx1024M -Dfile.encoding=x-windows-949 -Duser.country=KR -Duser.language=ko -Duser.variant 
java_command: com.android.dx.command.Main --dex --output C:\Users\ICo\Documents\GitHub\AndroidAsyncTest\app\build\intermediates\pre-dexed\debug\classes-3c0ef04ddda7be073a30eeb8601971cbf1420b87.jar C:\Users\ICo\Documents\GitHub\AndroidAsyncTest\app\build\intermediates\exploded-aar\com.android.support\support-v4\22.2.0\jars\classes.jar
java_class_path (initial): C:\Users\ICo\AppData\Local\Android\sdk\build-tools\22.0.1\lib\dx.jar
Launcher Type: SUN_STANDARD

Environment Variables:
PATH=C:\app\ICo\product\12.1.0\dbhome_1\bin;C:\Program Files (x86)\Wizvera\Delfino;C:\ProgramData\Oracle\Java\javapath;C:\Program Files (x86)\Intel\iCLS Client\;C:\Program Files\Intel\iCLS Client\;C:\Program Files\Common Files\Microsoft Shared\Windows Live;C:\Program Files (x86)\Common Files\Microsoft Shared\Windows Live;C:\Windows\system32;C:\Windows;C:\Windows\System32\Wbem;C:\Windows\System32\WindowsPowerShell\v1.0\;C:\Program Files (x86)\Windows Live\Shared;C:\Program Files\Intel\Intel(R) Management Engine Components\DAL;C:\Program Files\Intel\Intel(R) Management Engine Components\IPT;C:\Program Files (x86)\Intel\Intel(R) Management Engine Components\DAL;C:\Program Files (x86)\Intel\Intel(R) Management Engine Components\IPT;C:\Program Files (x86)\Intel\OpenCL SDK\2.0\bin\x86;C:\Program Files (x86)\Intel\OpenCL SDK\2.0\bin\x64;C:\Program Files\Intel\WiFi\bin\;C:\Program Files\Common Files\Intel\WirelessCommon\;C:\Program Files\Microsoft\Web Platform Installer\;C:\Program Files (x86)\Microsoft ASP.NET\ASP.NET Web Pages\v1.0\;C:\Program Files (x86)\Windows Kits\8.0\Windows Performance Toolkit\;C:\Program Files\Microsoft SQL Server\110\Tools\Binn\;C:\Program Files\nodejs\;C:\Users\ICo\AppData\Roaming\npm
USERNAME=ICo
OS=Windows_NT
PROCESSOR_IDENTIFIER=Intel64 Family 6 Model 58 Stepping 9, GenuineIntel



---------------  S Y S T E M  ---------------

OS: Windows 7 , 64 bit Build 7601 (6.1.7601.18933)

CPU:total 4 (2 cores per cpu, 2 threads per core) family 6 model 58 stepping 9, cmov, cx8, fxsr, mmx, sse, sse2, sse3, ssse3, sse4.1, sse4.2, popcnt, avx, aes, clmul, erms, ht, tsc, tscinvbit, tscinv

Memory: 4k page, physical 4052300k(38556k free), swap 8298820k(5392k free)

vm_info: Java HotSpot(TM) 64-Bit Server VM (25.45-b02) for windows-amd64 JRE (1.8.0_45-b15), built on Apr 30 2015 12:40:44 by "java_re" with MS VC++ 10.0 (VS2010)

time: Sat Aug 29 16:40:44 2015
elapsed time: 2 seconds (0d 0h 0m 2s)

