#
# There is insufficient memory for the Java Runtime Environment to continue.
# Native memory allocation (malloc) failed to allocate 929776 bytes for Chunk::new
# Possible reasons:
#   The system is out of physical RAM or swap space
#   In 32 bit mode, the process size limit was hit
# Possible solutions:
#   Reduce memory load on the system
#   Increase physical memory or swap space
#   Check if swap backing store is full
#   Use 64 bit Java on a 64 bit OS
#   Decrease Java heap size (-Xmx/-Xms)
#   Decrease number of Java threads
#   Decrease Java thread stack sizes (-Xss)
#   Set larger code cache with -XX:ReservedCodeCacheSize=
# This output file may be truncated or incomplete.
#
#  Out of Memory Error (allocation.cpp:390), pid=7540, tid=8208
#
# JRE version: Java(TM) SE Runtime Environment (8.0_45-b15) (build 1.8.0_45-b15)
# Java VM: Java HotSpot(TM) 64-Bit Server VM (25.45-b02 mixed mode windows-amd64 compressed oops)
# Failed to write core dump. Minidumps are not enabled by default on client versions of Windows
#

---------------  T H R E A D  ---------------

Current thread (0x000000001653b000):  JavaThread "C2 CompilerThread0" daemon [_thread_in_native, id=8208, stack(0x0000000016c30000,0x0000000016d30000)]

Stack: [0x0000000016c30000,0x0000000016d30000]
Native frames: (J=compiled Java code, j=interpreted, Vv=VM code, C=native code)
V  [jvm.dll+0x32b57a]


Current CompileTask:
C2:   3589 1435       4       com.android.dx.ssa.SCCP::simulatePhi (169 bytes)


---------------  P R O C E S S  ---------------

Java Threads: ( => current thread )
  0x0000000016550000 JavaThread "Service Thread" daemon [_thread_blocked, id=6240, stack(0x0000000016f80000,0x0000000017080000)]
  0x0000000016546000 JavaThread "C1 CompilerThread2" daemon [_thread_blocked, id=6320, stack(0x00000000161c0000,0x00000000162c0000)]
  0x0000000016545000 JavaThread "C2 CompilerThread1" daemon [_thread_in_native, id=9880, stack(0x0000000016dd0000,0x0000000016ed0000)]
=>0x000000001653b000 JavaThread "C2 CompilerThread0" daemon [_thread_in_native, id=8208, stack(0x0000000016c30000,0x0000000016d30000)]
  0x0000000016539800 JavaThread "Attach Listener" daemon [_thread_blocked, id=8780, stack(0x0000000016a90000,0x0000000016b90000)]
  0x0000000015180800 JavaThread "Signal Dispatcher" daemon [_thread_blocked, id=10000, stack(0x0000000016940000,0x0000000016a40000)]
  0x0000000015121800 JavaThread "Finalizer" daemon [_thread_blocked, id=2052, stack(0x0000000016430000,0x0000000016530000)]
  0x0000000015120000 JavaThread "Reference Handler" daemon [_thread_blocked, id=9720, stack(0x0000000016330000,0x0000000016430000)]
  0x00000000003ae800 JavaThread "main" [_thread_blocked, id=2032, stack(0x00000000027b0000,0x00000000028b0000)]

Other Threads:
  0x000000001511a800 VMThread [stack: 0x00000000160a0000,0x00000000161a0000] [id=1876]
  0x0000000016554800 WatcherThread [stack: 0x00000000171d0000,0x00000000172d0000] [id=9808]

VM state:at safepoint (normal execution)

VM Mutex/Monitor currently owned by a thread:  ([mutex/lock_event])
[0x00000000003acaf0] Threads_lock - owner thread: 0x000000001511a800
[0x00000000003acff0] Heap_lock - owner thread: 0x00000000003ae800

Heap:
 PSYoungGen      total 34304K, used 34281K [0x00000000eab00000, 0x00000000ecf00000, 0x0000000100000000)
  eden space 31744K, 100% used [0x00000000eab00000,0x00000000eca00000,0x00000000eca00000)
  from space 2560K, 99% used [0x00000000ecc80000,0x00000000ecefa410,0x00000000ecf00000)
  to   space 2560K, 0% used [0x00000000eca00000,0x00000000eca00000,0x00000000ecc80000)
 ParOldGen       total 42496K, used 3819K [0x00000000c0000000, 0x00000000c2980000, 0x00000000eab00000)
  object space 42496K, 8% used [0x00000000c0000000,0x00000000c03bae90,0x00000000c2980000)
 Metaspace       used 5786K, capacity 7024K, committed 7296K, reserved 1056768K
  class space    used 556K, capacity 616K, committed 640K, reserved 1048576K

Card table byte_map: [0x0000000011c70000,0x0000000011e80000] byte_map_base: 0x0000000011670000

Marking Bits: (ParMarkBitMap*) 0x0000000051874040
 Begin Bits: [0x0000000012590000, 0x0000000013590000)
 End Bits:   [0x0000000013590000, 0x0000000014590000)

Polling page: 0x0000000000340000

CodeCache: size=245760Kb used=6087Kb max_used=6087Kb free=239672Kb
 bounds [0x00000000028b0000, 0x0000000002eb0000, 0x00000000118b0000]
 total_blobs=1738 nmethods=1471 adapters=180
 compilation: enabled

Compilation events (10 events):
Event: 3.561 Thread 0x0000000016546000 1489       2       com.android.dx.rop.type.StdTypeList::getWordCount (33 bytes)
Event: 3.562 Thread 0x0000000016546000 nmethod 1489 0x0000000002e9ba50 code [0x0000000002e9bbc0, 0x0000000002e9be18]
Event: 3.569 Thread 0x0000000016546000 1490       2       com.android.dx.cf.direct.StdAttributeFactory::code (613 bytes)
Event: 3.575 Thread 0x0000000016546000 nmethod 1490 0x0000000002e9bfd0 code [0x0000000002e9c5c0, 0x0000000002e9eb18]
Event: 3.575 Thread 0x0000000016546000 1493       2       com.android.dx.dex.file.ValueEncoder::addContents (75 bytes)
Event: 3.576 Thread 0x0000000016546000 nmethod 1493 0x0000000002ea3310 code [0x0000000002ea34c0, 0x0000000002ea3848]
Event: 3.576 Thread 0x0000000016546000 1491       2       com.android.dx.cf.direct.StdAttributeFactory::localVariableTable (98 bytes)
Event: 3.577 Thread 0x0000000016546000 nmethod 1491 0x0000000002ea3b10 code [0x0000000002ea3d20, 0x0000000002ea4498]
Event: 3.577 Thread 0x0000000016546000 1492       2       java.util.Collections::unmodifiableCollection (9 bytes)
Event: 3.578 Thread 0x0000000016546000 nmethod 1492 0x0000000002ea4c50 code [0x0000000002ea4dc0, 0x0000000002ea5008]

GC Heap History (5 events):
Event: 1.683 GC heap before
{Heap before GC invocations=1 (full 0):
 PSYoungGen      total 18432K, used 15872K [0x00000000eab00000, 0x00000000ebf80000, 0x0000000100000000)
  eden space 15872K, 100% used [0x00000000eab00000,0x00000000eba80000,0x00000000eba80000)
  from space 2560K, 0% used [0x00000000ebd00000,0x00000000ebd00000,0x00000000ebf80000)
  to   space 2560K, 0% used [0x00000000eba80000,0x00000000eba80000,0x00000000ebd00000)
 ParOldGen       total 42496K, used 0K [0x00000000c0000000, 0x00000000c2980000, 0x00000000eab00000)
  object space 42496K, 0% used [0x00000000c0000000,0x00000000c0000000,0x00000000c2980000)
 Metaspace       used 5421K, capacity 6704K, committed 6784K, reserved 1056768K
  class space    used 551K, capacity 616K, committed 640K, reserved 1048576K
Event: 1.732 GC heap after
Heap after GC invocations=1 (full 0):
 PSYoungGen      total 18432K, used 2559K [0x00000000eab00000, 0x00000000ecf00000, 0x0000000100000000)
  eden space 15872K, 0% used [0x00000000eab00000,0x00000000eab00000,0x00000000eba80000)
  from space 2560K, 99% used [0x00000000eba80000,0x00000000ebcffe40,0x00000000ebd00000)
  to   space 2560K, 0% used [0x00000000ecc80000,0x00000000ecc80000,0x00000000ecf00000)
 ParOldGen       total 42496K, used 1699K [0x00000000c0000000, 0x00000000c2980000, 0x00000000eab00000)
  object space 42496K, 3% used [0x00000000c0000000,0x00000000c01a8dd0,0x00000000c2980000)
 Metaspace       used 5421K, capacity 6704K, committed 6784K, reserved 1056768K
  class space    used 551K, capacity 616K, committed 640K, reserved 1048576K
}
Event: 2.443 GC heap before
{Heap before GC invocations=2 (full 0):
 PSYoungGen      total 18432K, used 18431K [0x00000000eab00000, 0x00000000ecf00000, 0x0000000100000000)
  eden space 15872K, 100% used [0x00000000eab00000,0x00000000eba80000,0x00000000eba80000)
  from space 2560K, 99% used [0x00000000eba80000,0x00000000ebcffe40,0x00000000ebd00000)
  to   space 2560K, 0% used [0x00000000ecc80000,0x00000000ecc80000,0x00000000ecf00000)
 ParOldGen       total 42496K, used 1699K [0x00000000c0000000, 0x00000000c2980000, 0x00000000eab00000)
  object space 42496K, 3% used [0x00000000c0000000,0x00000000c01a8dd0,0x00000000c2980000)
 Metaspace       used 5658K, capacity 6896K, committed 7040K, reserved 1056768K
  class space    used 554K, capacity 616K, committed 640K, reserved 1048576K
Event: 2.554 GC heap after
Heap after GC invocations=2 (full 0):
 PSYoungGen      total 34304K, used 2537K [0x00000000eab00000, 0x00000000ecf00000, 0x0000000100000000)
  eden space 31744K, 0% used [0x00000000eab00000,0x00000000eab00000,0x00000000eca00000)
  from space 2560K, 99% used [0x00000000ecc80000,0x00000000ecefa410,0x00000000ecf00000)
  to   space 2560K, 0% used [0x00000000eca00000,0x00000000eca00000,0x00000000ecc80000)
 ParOldGen       total 42496K, used 3819K [0x00000000c0000000, 0x00000000c2980000, 0x00000000eab00000)
  object space 42496K, 8% used [0x00000000c0000000,0x00000000c03bae90,0x00000000c2980000)
 Metaspace       used 5658K, capacity 6896K, committed 7040K, reserved 1056768K
  class space    used 554K, capacity 616K, committed 640K, reserved 1048576K
}
Event: 3.584 GC heap before
{Heap before GC invocations=3 (full 0):
 PSYoungGen      total 34304K, used 34281K [0x00000000eab00000, 0x00000000ecf00000, 0x0000000100000000)
  eden space 31744K, 100% used [0x00000000eab00000,0x00000000eca00000,0x00000000eca00000)
  from space 2560K, 99% used [0x00000000ecc80000,0x00000000ecefa410,0x00000000ecf00000)
  to   space 2560K, 0% used [0x00000000eca00000,0x00000000eca00000,0x00000000ecc80000)
 ParOldGen       total 42496K, used 3819K [0x00000000c0000000, 0x00000000c2980000, 0x00000000eab00000)
  object space 42496K, 8% used [0x00000000c0000000,0x00000000c03bae90,0x00000000c2980000)
 Metaspace       used 5786K, capacity 7024K, committed 7296K, reserved 1056768K
  class space    used 556K, capacity 616K, committed 640K, reserved 1048576K

Deoptimization events (10 events):
Event: 2.247 Thread 0x00000000003ae800 Uncommon trap: reason=unstable_if action=reinterpret pc=0x0000000002d2d4ac method=com.android.dx.util.IntList.binarysearch(I)I @ 105
Event: 2.250 Thread 0x00000000003ae800 Uncommon trap: reason=bimorphic action=maybe_recompile pc=0x0000000002d1b2a0 method=java.util.HashMap.getNode(ILjava/lang/Object;)Ljava/util/HashMap$Node; @ 126
Event: 2.251 Thread 0x00000000003ae800 Uncommon trap: reason=bimorphic action=maybe_recompile pc=0x0000000002ab49d4 method=java.util.HashMap.getNode(ILjava/lang/Object;)Ljava/util/HashMap$Node; @ 126
Event: 2.322 Thread 0x00000000003ae800 Uncommon trap: reason=unstable_if action=reinterpret pc=0x0000000002c2a840 method=com.android.dx.ssa.SsaRenamer$BlockRenamer.addMapping(ILcom/android/dx/rop/code/RegisterSpec;)V @ 120
Event: 2.598 Thread 0x00000000003ae800 Uncommon trap: reason=bimorphic action=maybe_recompile pc=0x0000000002d1b2a0 method=java.util.HashMap.getNode(ILjava/lang/Object;)Ljava/util/HashMap$Node; @ 126
Event: 2.598 Thread 0x00000000003ae800 Uncommon trap: reason=bimorphic action=maybe_recompile pc=0x0000000002d1b2a0 method=java.util.HashMap.getNode(ILjava/lang/Object;)Ljava/util/HashMap$Node; @ 126
Event: 3.265 Thread 0x00000000003ae800 Uncommon trap: reason=unstable_if action=reinterpret pc=0x0000000002cc5a4c method=com.android.dx.ssa.SsaMethod.updateOneDefinition(Lcom/android/dx/ssa/SsaInsn;Lcom/android/dx/rop/code/RegisterSpec;)V @ 4
Event: 3.288 Thread 0x00000000003ae800 Uncommon trap: reason=unstable_if action=reinterpret pc=0x0000000002df875c method=com.android.dx.ssa.SCCP.simulateStmt(Lcom/android/dx/ssa/SsaInsn;)V @ 53
Event: 3.411 Thread 0x00000000003ae800 Uncommon trap: reason=bimorphic action=maybe_recompile pc=0x0000000002dafc30 method=java.util.HashMap.putVal(ILjava/lang/Object;Ljava/lang/Object;ZZ)Ljava/lang/Object; @ 203
Event: 3.514 Thread 0x00000000003ae800 Uncommon trap: reason=unstable_if action=reinterpret pc=0x0000000002e5d4b0 method=com.android.dx.rop.code.LocalItem.compareHandlesNulls(Lcom/android/dx/rop/cst/CstString;Lcom/android/dx/rop/cst/CstString;)I @ 14

Internal exceptions (5 events):
Event: 0.083 Thread 0x00000000003ae800 Exception <a 'java/lang/NoSuchMethodError': Method sun.misc.Unsafe.defineClass(Ljava/lang/String;[BII)Ljava/lang/Class; name or signature does not match> (0x00000000eab12f30) thrown at [C:\re\workspace\8-2-build-windows-amd64-cygwin\jdk8u45\3627\hotspot\sro¼‰ÈZµ?
Event: 0.083 Thread 0x00000000003ae800 Exception <a 'java/lang/NoSuchMethodError': Method sun.misc.Unsafe.prefetchRead(Ljava/lang/Object;J)V name or signature does not match> (0x00000000eab131c0) thrown at [C:\re\workspace\8-2-build-windows-amd64-cygwin\jdk8u45\3627\hotspot\src\share\vm\prims\j€þjç<ü?
Event: 1.765 Thread 0x00000000003ae800 Implicit null exception at 0x0000000002c2e9b3 to 0x0000000002c2fd7d
Event: 1.962 Thread 0x00000000003ae800 Implicit null exception at 0x0000000002cb0c47 to 0x0000000002cb30c1
Event: 3.514 Thread 0x00000000003ae800 Implicit null exception at 0x0000000002e5c330 to 0x0000000002e5d491

Events (10 events):
Event: 3.321 loading class com/android/dx/cf/attrib/AttRuntimeInvisibleAnnotations done
Event: 3.321 loading class com/android/dx/cf/attrib/BaseAnnotations
Event: 3.321 loading class com/android/dx/cf/attrib/BaseAnnotations done
Event: 3.411 Thread 0x00000000003ae800 Uncommon trap: trap_request=0xffffffc6 fr.pc=0x0000000002dafc30
Event: 3.411 Thread 0x00000000003ae800 DEOPT PACKING pc=0x0000000002dafc30 sp=0x00000000028aeaa0
Event: 3.411 Thread 0x00000000003ae800 DEOPT UNPACKING pc=0x00000000028f582a sp=0x00000000028aea28 mode 2
Event: 3.514 Thread 0x00000000003ae800 Uncommon trap: trap_request=0xffffff65 fr.pc=0x0000000002e5d4b0
Event: 3.514 Thread 0x00000000003ae800 DEOPT PACKING pc=0x0000000002e5d4b0 sp=0x00000000028aeb90
Event: 3.514 Thread 0x00000000003ae800 DEOPT UNPACKING pc=0x00000000028f582a sp=0x00000000028ae928 mode 2
Event: 3.584 Executing VM operation: ParallelGCFailedAllocation


Dynamic libraries:
0x000000013f5a0000 - 0x000000013f5d7000 	C:\Program Files\Java\jdk1.8.0_45\bin\java.exe
0x0000000077390000 - 0x0000000077539000 	C:\Windows\SYSTEM32\ntdll.dll
0x0000000077270000 - 0x000000007738f000 	C:\Windows\system32\kernel32.dll
0x000007fefd490000 - 0x000007fefd4fc000 	C:\Windows\system32\KERNELBASE.dll
0x000007fefd730000 - 0x000007fefd80b000 	C:\Windows\system32\ADVAPI32.dll
0x000007fefe8e0000 - 0x000007fefe97f000 	C:\Windows\system32\msvcrt.dll
0x000007fefe980000 - 0x000007fefe99f000 	C:\Windows\SYSTEM32\sechost.dll
0x000007fefef80000 - 0x000007feff0ad000 	C:\Windows\system32\RPCRT4.dll
0x0000000077170000 - 0x000000007726a000 	C:\Windows\system32\USER32.dll
0x000007fefef00000 - 0x000007fefef67000 	C:\Windows\system32\GDI32.dll
0x000007fefef70000 - 0x000007fefef7e000 	C:\Windows\system32\LPK.dll
0x000007fefe810000 - 0x000007fefe8d9000 	C:\Windows\system32\USP10.dll
0x000007fefb9f0000 - 0x000007fefbbe4000 	C:\Windows\WinSxS\amd64_microsoft.windows.common-controls_6595b64144ccf1df_6.0.7601.18837_none_fa3b1e3d17594757\COMCTL32.dll
0x000007fefe5d0000 - 0x000007fefe641000 	C:\Windows\system32\SHLWAPI.dll
0x000007fefd810000 - 0x000007fefd83e000 	C:\Windows\system32\IMM32.DLL
0x000007feff150000 - 0x000007feff259000 	C:\Windows\system32\MSCTF.dll
0x0000000050120000 - 0x00000000501f2000 	C:\Program Files\Java\jdk1.8.0_45\jre\bin\msvcr100.dll
0x0000000051070000 - 0x00000000518f3000 	C:\Program Files\Java\jdk1.8.0_45\jre\bin\server\jvm.dll
0x000007fef9500000 - 0x000007fef9509000 	C:\Windows\system32\WSOCK32.dll
0x000007fefe9a0000 - 0x000007fefe9ed000 	C:\Windows\system32\WS2_32.dll
0x000007fefeef0000 - 0x000007fefeef8000 	C:\Windows\system32\NSI.dll
0x000007fef9840000 - 0x000007fef987b000 	C:\Windows\system32\WINMM.dll
0x000007fefc1e0000 - 0x000007fefc1ec000 	C:\Windows\system32\VERSION.dll
0x0000000077560000 - 0x0000000077567000 	C:\Windows\system32\PSAPI.DLL
0x000000006a4d0000 - 0x000000006a4df000 	C:\Program Files\Java\jdk1.8.0_45\jre\bin\verify.dll
0x000000005cc80000 - 0x000000005cca9000 	C:\Program Files\Java\jdk1.8.0_45\jre\bin\java.dll
0x000000005cd00000 - 0x000000005cd16000 	C:\Program Files\Java\jdk1.8.0_45\jre\bin\zip.dll
0x000007fefd840000 - 0x000007fefe5c9000 	C:\Windows\system32\SHELL32.dll
0x000007fefe9f0000 - 0x000007fefebf3000 	C:\Windows\system32\ole32.dll
0x000007fefd150000 - 0x000007fefd15f000 	C:\Windows\system32\profapi.dll

VM Arguments:
jvm_args: -Xmx1024M -Dfile.encoding=x-windows-949 -Duser.country=KR -Duser.language=ko -Duser.variant 
java_command: com.android.dx.command.Main --dex --output C:\Users\ICo\Documents\GitHub\AndroidAsyncTest\app\build\intermediates\pre-dexed\debug\android-async-http-1.4.8-b195689334b1d7e6890dae84d8324e2a2072775b.jar C:\Users\ICo\Documents\GitHub\AndroidAsyncTest\android-async-http-1.4.8a\android-async-http-1.4.8.jar
java_class_path (initial): C:\Users\ICo\AppData\Local\Android\sdk\build-tools\22.0.1\lib\dx.jar
Launcher Type: SUN_STANDARD

Environment Variables:
PATH=C:\app\ICo\product\12.1.0\dbhome_1\bin;C:\Program Files (x86)\Wizvera\Delfino;C:\ProgramData\Oracle\Java\javapath;C:\Program Files (x86)\Intel\iCLS Client\;C:\Program Files\Intel\iCLS Client\;C:\Program Files\Common Files\Microsoft Shared\Windows Live;C:\Program Files (x86)\Common Files\Microsoft Shared\Windows Live;C:\Windows\system32;C:\Windows;C:\Windows\System32\Wbem;C:\Windows\System32\WindowsPowerShell\v1.0\;C:\Program Files (x86)\Windows Live\Shared;C:\Program Files\Intel\Intel(R) Management Engine Components\DAL;C:\Program Files\Intel\Intel(R) Management Engine Components\IPT;C:\Program Files (x86)\Intel\Intel(R) Management Engine Components\DAL;C:\Program Files (x86)\Intel\Intel(R) Management Engine Components\IPT;C:\Program Files (x86)\Intel\OpenCL SDK\2.0\bin\x86;C:\Program Files (x86)\Intel\OpenCL SDK\2.0\bin\x64;C:\Program Files\Intel\WiFi\bin\;C:\Program Files\Common Files\Intel\WirelessCommon\;C:\Program Files\Microsoft\Web Platform Installer\;C:\Program Files (x86)\Microsoft ASP.NET\ASP.NET Web Pages\v1.0\;C:\Program Files (x86)\Windows Kits\8.0\Windows Performance Toolkit\;C:\Program Files\Microsoft SQL Server\110\Tools\Binn\;C:\Program Files\nodejs\;C:\Users\ICo\AppData\Roaming\npm
USERNAME=ICo
OS=Windows_NT
PROCESSOR_IDENTIFIER=Intel64 Family 6 Model 58 Stepping 9, GenuineIntel



---------------  S Y S T E M  ---------------

OS: Windows 7 , 64 bit Build 7601 (6.1.7601.18933)

CPU:total 4 (2 cores per cpu, 2 threads per core) family 6 model 58 stepping 9, cmov, cx8, fxsr, mmx, sse, sse2, sse3, ssse3, sse4.1, sse4.2, popcnt, avx, aes, clmul, erms, ht, tsc, tscinvbit, tscinv

Memory: 4k page, physical 4052300k(202592k free), swap 7584792k(5160k free)

vm_info: Java HotSpot(TM) 64-Bit Server VM (25.45-b02) for windows-amd64 JRE (1.8.0_45-b15), built on Apr 30 2015 12:40:44 by "java_re" with MS VC++ 10.0 (VS2010)

time: Wed Aug 26 02:06:31 2015
elapsed time: 3 seconds (0d 0h 0m 3s)

